[2021-04-25 05:42:20.810] [exthost] [info] extension host started
[2021-04-25 05:42:20.857] [exthost] [info] ExtensionService#_doActivateExtension vscode.debug-auto-launch {"startup":true,"extensionId":{"value":"vscode.debug-auto-launch","_lower":"vscode.debug-auto-launch"},"activationEvent":"*"}
[2021-04-25 05:42:20.857] [exthost] [info] ExtensionService#loadCommonJSModule file:///home/2019312326/.vscode-server/bin/3c4e3df9e89829dce27b7b5c24508306b151f30d/extensions/debug-auto-launch/dist/extension
[2021-04-25 05:42:20.870] [exthost] [info] ExtensionService#_doActivateExtension vscode.git {"startup":true,"extensionId":{"value":"vscode.github","_lower":"vscode.github"},"activationEvent":"*"}
[2021-04-25 05:42:20.870] [exthost] [info] ExtensionService#loadCommonJSModule file:///home/2019312326/.vscode-server/bin/3c4e3df9e89829dce27b7b5c24508306b151f30d/extensions/git/dist/main
[2021-04-25 05:42:21.093] [exthost] [info] ExtensionService#_doActivateExtension vscode.github {"startup":true,"extensionId":{"value":"vscode.github","_lower":"vscode.github"},"activationEvent":"*"}
[2021-04-25 05:42:21.093] [exthost] [info] ExtensionService#loadCommonJSModule file:///home/2019312326/.vscode-server/bin/3c4e3df9e89829dce27b7b5c24508306b151f30d/extensions/github/dist/extension.js
[2021-04-25 05:42:21.297] [exthost] [warning] [Decorations] CAPPING events from decorations provider vscode.git 2621
[2021-04-25 05:42:22.030] [exthost] [info] ExtensionService#_doActivateExtension vscode.emmet {"startup":false,"extensionId":{"value":"vscode.emmet","_lower":"vscode.emmet"},"activationEvent":"onStartupFinished"}
[2021-04-25 05:42:22.030] [exthost] [info] ExtensionService#loadCommonJSModule file:///home/2019312326/.vscode-server/bin/3c4e3df9e89829dce27b7b5c24508306b151f30d/extensions/emmet/dist/node/emmetNodeMain
[2021-04-25 05:42:22.045] [exthost] [info] ExtensionService#_doActivateExtension vscode.merge-conflict {"startup":false,"extensionId":{"value":"vscode.merge-conflict","_lower":"vscode.merge-conflict"},"activationEvent":"onStartupFinished"}
[2021-04-25 05:42:22.046] [exthost] [info] ExtensionService#loadCommonJSModule file:///home/2019312326/.vscode-server/bin/3c4e3df9e89829dce27b7b5c24508306b151f30d/extensions/merge-conflict/dist/mergeConflictMain
[2021-04-25 05:42:22.049] [exthost] [info] ExtensionService#_doActivateExtension vscode.testing-editor-contributions {"startup":false,"extensionId":{"value":"vscode.testing-editor-contributions","_lower":"vscode.testing-editor-contributions"},"activationEvent":"onStartupFinished"}
[2021-04-25 05:42:22.049] [exthost] [info] ExtensionService#loadCommonJSModule file:///home/2019312326/.vscode-server/bin/3c4e3df9e89829dce27b7b5c24508306b151f30d/extensions/testing-editor-contributions/dist/extension.js
[2021-04-25 05:42:22.373] [exthost] [info] eager extensions activated
[2021-04-25 05:42:22.383] [exthost] [info] ExtensionService#_doActivateExtension ms-vscode.js-debug {"startup":false,"extensionId":{"value":"ms-vscode.js-debug","_lower":"ms-vscode.js-debug"},"activationEvent":"onCommand:extension.js-debug.clearAutoAttachVariables"}
[2021-04-25 05:42:22.383] [exthost] [info] ExtensionService#loadCommonJSModule file:///home/2019312326/.vscode-server/bin/3c4e3df9e89829dce27b7b5c24508306b151f30d/extensions/ms-vscode.js-debug/src/extension.js
[2021-04-25 05:42:26.406] [exthost] [warning] [Decorations] CAPPING events from decorations provider vscode.git 2621
[2021-04-25 05:42:31.577] [exthost] [warning] [Decorations] CAPPING events from decorations provider vscode.git 2621
[2021-04-25 05:42:36.749] [exthost] [warning] [Decorations] CAPPING events from decorations provider vscode.git 2621
[2021-04-25 05:42:41.926] [exthost] [warning] [Decorations] CAPPING events from decorations provider vscode.git 2621
[2021-04-25 05:42:57.478] [exthost] [warning] [Decorations] CAPPING events from decorations provider vscode.git 2621
[2021-04-25 05:43:02.653] [exthost] [warning] [Decorations] CAPPING events from decorations provider vscode.git 2621
[2021-04-25 05:43:04.394] [exthost] [info] ExtensionService#_doActivateExtension vscode.extension-editing {"startup":false,"extensionId":{"value":"vscode.extension-editing","_lower":"vscode.extension-editing"},"activationEvent":"onLanguage:markdown"}
[2021-04-25 05:43:04.394] [exthost] [info] ExtensionService#loadCommonJSModule file:///home/2019312326/.vscode-server/bin/3c4e3df9e89829dce27b7b5c24508306b151f30d/extensions/extension-editing/dist/extensionEditingMain
[2021-04-25 05:43:04.412] [exthost] [info] ExtensionService#_doActivateExtension vscode.markdown-language-features {"startup":false,"extensionId":{"value":"vscode.markdown-language-features","_lower":"vscode.markdown-language-features"},"activationEvent":"onLanguage:markdown"}
[2021-04-25 05:43:04.412] [exthost] [info] ExtensionService#loadCommonJSModule file:///home/2019312326/.vscode-server/bin/3c4e3df9e89829dce27b7b5c24508306b151f30d/extensions/markdown-language-features/dist/extension
[2021-04-25 05:43:07.822] [exthost] [warning] [Decorations] CAPPING events from decorations provider vscode.git 2624
[2021-04-25 05:43:13.002] [exthost] [warning] [Decorations] CAPPING events from decorations provider vscode.git 2624
[2021-04-25 05:43:18.205] [exthost] [warning] [Decorations] CAPPING events from decorations provider vscode.git 2624
[2021-04-25 05:43:23.394] [exthost] [warning] [Decorations] CAPPING events from decorations provider vscode.git 2624
[2021-04-25 05:43:28.584] [exthost] [warning] [Decorations] CAPPING events from decorations provider vscode.git 2624
[2021-04-25 05:43:33.779] [exthost] [warning] [Decorations] CAPPING events from decorations provider vscode.git 2624
[2021-04-25 05:43:38.950] [exthost] [warning] [Decorations] CAPPING events from decorations provider vscode.git 2624
[2021-04-25 05:43:44.135] [exthost] [warning] [Decorations] CAPPING events from decorations provider vscode.git 2624
[2021-04-25 05:43:49.317] [exthost] [warning] [Decorations] CAPPING events from decorations provider vscode.git 2624
[2021-04-25 05:43:54.500] [exthost] [warning] [Decorations] CAPPING events from decorations provider vscode.git 2624
[2021-04-25 05:43:59.677] [exthost] [warning] [Decorations] CAPPING events from decorations provider vscode.git 2624
[2021-04-25 05:44:04.874] [exthost] [warning] [Decorations] CAPPING events from decorations provider vscode.git 2624
[2021-04-25 05:44:13.527] [exthost] [warning] [Decorations] CAPPING events from decorations provider vscode.git 2624
[2021-04-25 05:44:18.718] [exthost] [warning] [Decorations] CAPPING events from decorations provider vscode.git 2624
[2021-04-25 05:44:23.910] [exthost] [warning] [Decorations] CAPPING events from decorations provider vscode.git 2624
[2021-04-25 05:44:29.116] [exthost] [warning] [Decorations] CAPPING events from decorations provider vscode.git 2624
[2021-04-25 05:44:34.311] [exthost] [warning] [Decorations] CAPPING events from decorations provider vscode.git 2624
[2021-04-25 05:44:39.514] [exthost] [warning] [Decorations] CAPPING events from decorations provider vscode.git 2624
[2021-04-25 05:44:44.735] [exthost] [warning] [Decorations] CAPPING events from decorations provider vscode.git 2624
[2021-04-25 05:44:49.965] [exthost] [warning] [Decorations] CAPPING events from decorations provider vscode.git 2624
[2021-04-25 05:44:58.245] [exthost] [warning] [Decorations] CAPPING events from decorations provider vscode.git 2624
[2021-04-25 05:45:03.479] [exthost] [warning] [Decorations] CAPPING events from decorations provider vscode.git 2624
[2021-04-25 05:45:08.707] [exthost] [warning] [Decorations] CAPPING events from decorations provider vscode.git 2624
[2021-04-25 05:45:13.907] [exthost] [warning] [Decorations] CAPPING events from decorations provider vscode.git 2624
[2021-04-25 05:45:19.116] [exthost] [warning] [Decorations] CAPPING events from decorations provider vscode.git 2624
[2021-04-25 05:45:24.300] [exthost] [warning] [Decorations] CAPPING events from decorations provider vscode.git 2624
[2021-04-25 05:45:29.499] [exthost] [warning] [Decorations] CAPPING events from decorations provider vscode.git 2624
[2021-04-25 05:45:34.692] [exthost] [warning] [Decorations] CAPPING events from decorations provider vscode.git 2624
[2021-04-25 05:45:39.892] [exthost] [warning] [Decorations] CAPPING events from decorations provider vscode.git 2624
[2021-04-25 05:45:45.109] [exthost] [warning] [Decorations] CAPPING events from decorations provider vscode.git 2624
[2021-04-25 05:45:50.308] [exthost] [warning] [Decorations] CAPPING events from decorations provider vscode.git 2624
[2021-04-25 05:45:55.512] [exthost] [warning] [Decorations] CAPPING events from decorations provider vscode.git 2624
[2021-04-25 05:46:00.726] [exthost] [warning] [Decorations] CAPPING events from decorations provider vscode.git 2624
[2021-04-25 05:46:05.919] [exthost] [warning] [Decorations] CAPPING events from decorations provider vscode.git 2624
[2021-04-25 05:46:11.145] [exthost] [warning] [Decorations] CAPPING events from decorations provider vscode.git 2624
[2021-04-25 05:46:16.361] [exthost] [warning] [Decorations] CAPPING events from decorations provider vscode.git 2624
[2021-04-25 05:46:21.580] [exthost] [warning] [Decorations] CAPPING events from decorations provider vscode.git 2624
[2021-04-25 05:46:26.820] [exthost] [warning] [Decorations] CAPPING events from decorations provider vscode.git 2624
[2021-04-25 05:46:32.070] [exthost] [warning] [Decorations] CAPPING events from decorations provider vscode.git 2624
[2021-04-25 05:46:37.310] [exthost] [warning] [Decorations] CAPPING events from decorations provider vscode.git 2624
[2021-04-25 05:46:43.388] [exthost] [warning] [Decorations] CAPPING events from decorations provider vscode.git 2624
[2021-04-25 05:46:48.596] [exthost] [warning] [Decorations] CAPPING events from decorations provider vscode.git 2624
[2021-04-25 05:46:53.801] [exthost] [warning] [Decorations] CAPPING events from decorations provider vscode.git 2624
[2021-04-25 05:46:59.000] [exthost] [warning] [Decorations] CAPPING events from decorations provider vscode.git 2624
[2021-04-25 05:47:04.191] [exthost] [warning] [Decorations] CAPPING events from decorations provider vscode.git 2624
[2021-04-25 05:47:09.408] [exthost] [warning] [Decorations] CAPPING events from decorations provider vscode.git 2624
[2021-04-25 05:47:14.601] [exthost] [warning] [Decorations] CAPPING events from decorations provider vscode.git 2624
[2021-04-25 05:47:19.799] [exthost] [warning] [Decorations] CAPPING events from decorations provider vscode.git 2624
[2021-04-25 05:47:40.354] [exthost] [warning] [Decorations] CAPPING events from decorations provider vscode.git 2624
[2021-04-25 05:47:45.558] [exthost] [warning] [Decorations] CAPPING events from decorations provider vscode.git 2624
[2021-04-25 05:47:50.768] [exthost] [warning] [Decorations] CAPPING events from decorations provider vscode.git 2624
[2021-04-25 05:47:55.990] [exthost] [warning] [Decorations] CAPPING events from decorations provider vscode.git 2624
[2021-04-25 05:48:12.562] [exthost] [warning] [Decorations] CAPPING events from decorations provider vscode.git 2624
[2021-04-25 05:48:17.782] [exthost] [warning] [Decorations] CAPPING events from decorations provider vscode.git 2624
[2021-04-25 05:48:22.992] [exthost] [warning] [Decorations] CAPPING events from decorations provider vscode.git 2624
[2021-04-25 05:48:28.204] [exthost] [warning] [Decorations] CAPPING events from decorations provider vscode.git 2624
[2021-04-25 05:48:33.411] [exthost] [warning] [Decorations] CAPPING events from decorations provider vscode.git 2624
[2021-04-25 05:48:38.605] [exthost] [warning] [Decorations] CAPPING events from decorations provider vscode.git 2624
[2021-04-25 05:48:43.813] [exthost] [warning] [Decorations] CAPPING events from decorations provider vscode.git 2624
[2021-04-25 05:48:56.716] [exthost] [warning] [Decorations] CAPPING events from decorations provider vscode.git 2624
[2021-04-25 05:49:01.916] [exthost] [warning] [Decorations] CAPPING events from decorations provider vscode.git 2624
[2021-04-25 05:49:07.121] [exthost] [warning] [Decorations] CAPPING events from decorations provider vscode.git 2624
[2021-04-25 05:49:12.327] [exthost] [warning] [Decorations] CAPPING events from decorations provider vscode.git 2624
[2021-04-25 05:49:17.547] [exthost] [warning] [Decorations] CAPPING events from decorations provider vscode.git 2624
[2021-04-25 05:49:22.751] [exthost] [warning] [Decorations] CAPPING events from decorations provider vscode.git 2624
[2021-04-25 05:50:07.105] [exthost] [warning] [Decorations] CAPPING events from decorations provider vscode.git 2624
[2021-04-25 05:50:12.295] [exthost] [warning] [Decorations] CAPPING events from decorations provider vscode.git 2624
[2021-04-25 05:50:17.484] [exthost] [warning] [Decorations] CAPPING events from decorations provider vscode.git 2624
[2021-04-25 05:50:22.676] [exthost] [warning] [Decorations] CAPPING events from decorations provider vscode.git 2624
[2021-04-25 05:50:27.860] [exthost] [warning] [Decorations] CAPPING events from decorations provider vscode.git 2624
[2021-04-25 05:50:33.042] [exthost] [warning] [Decorations] CAPPING events from decorations provider vscode.git 2624
[2021-04-25 05:50:38.241] [exthost] [warning] [Decorations] CAPPING events from decorations provider vscode.git 2624
[2021-04-25 05:50:43.440] [exthost] [warning] [Decorations] CAPPING events from decorations provider vscode.git 2624
[2021-04-25 05:50:48.635] [exthost] [warning] [Decorations] CAPPING events from decorations provider vscode.git 2624
[2021-04-25 05:51:49.243] [exthost] [warning] [Decorations] CAPPING events from decorations provider vscode.git 2624
[2021-04-25 05:51:54.414] [exthost] [warning] [Decorations] CAPPING events from decorations provider vscode.git 2624
[2021-04-25 05:51:59.595] [exthost] [warning] [Decorations] CAPPING events from decorations provider vscode.git 2624
[2021-04-25 05:52:04.780] [exthost] [warning] [Decorations] CAPPING events from decorations provider vscode.git 2624
[2021-04-25 05:52:09.981] [exthost] [warning] [Decorations] CAPPING events from decorations provider vscode.git 2624
[2021-04-25 05:52:15.176] [exthost] [warning] [Decorations] CAPPING events from decorations provider vscode.git 2624
[2021-04-25 05:52:20.365] [exthost] [warning] [Decorations] CAPPING events from decorations provider vscode.git 2624
[2021-04-25 05:52:25.569] [exthost] [warning] [Decorations] CAPPING events from decorations provider vscode.git 2624
[2021-04-25 05:52:30.761] [exthost] [warning] [Decorations] CAPPING events from decorations provider vscode.git 2624
[2021-04-25 05:52:59.801] [exthost] [warning] [Decorations] CAPPING events from decorations provider vscode.git 2624
[2021-04-25 05:53:04.992] [exthost] [warning] [Decorations] CAPPING events from decorations provider vscode.git 2624
[2021-04-25 05:53:10.181] [exthost] [warning] [Decorations] CAPPING events from decorations provider vscode.git 2624
[2021-04-25 05:53:15.358] [exthost] [warning] [Decorations] CAPPING events from decorations provider vscode.git 2624
[2021-04-25 05:53:20.532] [exthost] [warning] [Decorations] CAPPING events from decorations provider vscode.git 2624
[2021-04-25 05:53:25.753] [exthost] [warning] [Decorations] CAPPING events from decorations provider vscode.git 2624
[2021-04-25 05:53:30.956] [exthost] [warning] [Decorations] CAPPING events from decorations provider vscode.git 2624
[2021-04-25 05:53:36.157] [exthost] [warning] [Decorations] CAPPING events from decorations provider vscode.git 2624
[2021-04-25 05:53:41.349] [exthost] [warning] [Decorations] CAPPING events from decorations provider vscode.git 2624
[2021-04-25 05:53:46.543] [exthost] [warning] [Decorations] CAPPING events from decorations provider vscode.git 2624
[2021-04-25 05:53:51.742] [exthost] [warning] [Decorations] CAPPING events from decorations provider vscode.git 2624
[2021-04-25 05:54:24.536] [exthost] [warning] [Decorations] CAPPING events from decorations provider vscode.git 2624
[2021-04-25 05:54:43.791] [exthost] [warning] [Decorations] CAPPING events from decorations provider vscode.git 2624
[2021-04-25 05:54:48.969] [exthost] [warning] [Decorations] CAPPING events from decorations provider vscode.git 2624
[2021-04-25 05:54:54.178] [exthost] [warning] [Decorations] CAPPING events from decorations provider vscode.git 2624
[2021-04-25 05:54:59.361] [exthost] [warning] [Decorations] CAPPING events from decorations provider vscode.git 2624
[2021-04-25 05:55:04.546] [exthost] [warning] [Decorations] CAPPING events from decorations provider vscode.git 2634
[2021-04-25 05:55:09.720] [exthost] [warning] [Decorations] CAPPING events from decorations provider vscode.git 2634
[2021-04-25 05:55:14.896] [exthost] [warning] [Decorations] CAPPING events from decorations provider vscode.git 2634
[2021-04-25 05:55:20.078] [exthost] [warning] [Decorations] CAPPING events from decorations provider vscode.git 2634
[2021-04-25 05:55:25.252] [exthost] [warning] [Decorations] CAPPING events from decorations provider vscode.git 2634
[2021-04-25 05:55:30.448] [exthost] [warning] [Decorations] CAPPING events from decorations provider vscode.git 2634
[2021-04-25 05:55:35.648] [exthost] [warning] [Decorations] CAPPING events from decorations provider vscode.git 2634
[2021-04-25 05:55:40.837] [exthost] [warning] [Decorations] CAPPING events from decorations provider vscode.git 2634
[2021-04-25 05:55:46.040] [exthost] [warning] [Decorations] CAPPING events from decorations provider vscode.git 2634
[2021-04-25 05:55:51.255] [exthost] [warning] [Decorations] CAPPING events from decorations provider vscode.git 2644
[2021-04-25 05:55:56.469] [exthost] [warning] [Decorations] CAPPING events from decorations provider vscode.git 2634
[2021-04-25 05:55:57.631] [exthost] [info] extension host terminating: received terminate message from renderer
[2021-04-25 05:55:58.642] [exthost] [info] exiting with code 0
