[2021-05-29 03:21:48.991] [exthost] [info] extension host started
[2021-05-29 03:21:49.117] [exthost] [info] ExtensionService#_doActivateExtension vscode.debug-auto-launch {"startup":true,"extensionId":{"value":"vscode.debug-auto-launch","_lower":"vscode.debug-auto-launch"},"activationEvent":"*"}
[2021-05-29 03:21:49.117] [exthost] [info] ExtensionService#loadCommonJSModule file:///home/2019312326/.vscode-server/bin/054a9295330880ed74ceaedda236253b4f39a335/extensions/debug-auto-launch/dist/extension
[2021-05-29 03:21:49.124] [exthost] [info] ExtensionService#_doActivateExtension vscode.git {"startup":true,"extensionId":{"value":"vscode.github","_lower":"vscode.github"},"activationEvent":"*"}
[2021-05-29 03:21:49.124] [exthost] [info] ExtensionService#loadCommonJSModule file:///home/2019312326/.vscode-server/bin/054a9295330880ed74ceaedda236253b4f39a335/extensions/git/dist/main
[2021-05-29 03:21:49.583] [exthost] [info] ExtensionService#_doActivateExtension vscode.github {"startup":true,"extensionId":{"value":"vscode.github","_lower":"vscode.github"},"activationEvent":"*"}
[2021-05-29 03:21:49.583] [exthost] [info] ExtensionService#loadCommonJSModule file:///home/2019312326/.vscode-server/bin/054a9295330880ed74ceaedda236253b4f39a335/extensions/github/dist/extension.js
[2021-05-29 03:21:49.786] [exthost] [warning] [Decorations] CAPPING events from decorations provider vscode.git 1785
[2021-05-29 03:21:49.817] [exthost] [info] ExtensionService#_doActivateExtension vscode.emmet {"startup":false,"extensionId":{"value":"vscode.emmet","_lower":"vscode.emmet"},"activationEvent":"onStartupFinished"}
[2021-05-29 03:21:49.817] [exthost] [info] ExtensionService#loadCommonJSModule file:///home/2019312326/.vscode-server/bin/054a9295330880ed74ceaedda236253b4f39a335/extensions/emmet/dist/node/emmetNodeMain
[2021-05-29 03:21:49.830] [exthost] [info] ExtensionService#_doActivateExtension vscode.merge-conflict {"startup":false,"extensionId":{"value":"vscode.merge-conflict","_lower":"vscode.merge-conflict"},"activationEvent":"onStartupFinished"}
[2021-05-29 03:21:49.831] [exthost] [info] ExtensionService#loadCommonJSModule file:///home/2019312326/.vscode-server/bin/054a9295330880ed74ceaedda236253b4f39a335/extensions/merge-conflict/dist/mergeConflictMain
[2021-05-29 03:21:49.834] [exthost] [info] ExtensionService#_doActivateExtension vscode.testing-editor-contributions {"startup":false,"extensionId":{"value":"vscode.testing-editor-contributions","_lower":"vscode.testing-editor-contributions"},"activationEvent":"onStartupFinished"}
[2021-05-29 03:21:49.834] [exthost] [info] ExtensionService#loadCommonJSModule file:///home/2019312326/.vscode-server/bin/054a9295330880ed74ceaedda236253b4f39a335/extensions/testing-editor-contributions/dist/extension.js
[2021-05-29 03:21:49.835] [exthost] [info] eager extensions activated
[2021-05-29 03:21:50.443] [exthost] [info] ExtensionService#_doActivateExtension ms-vscode.js-debug {"startup":false,"extensionId":{"value":"ms-vscode.js-debug","_lower":"ms-vscode.js-debug"},"activationEvent":"onCommand:extension.js-debug.clearAutoAttachVariables"}
[2021-05-29 03:21:50.444] [exthost] [info] ExtensionService#loadCommonJSModule file:///home/2019312326/.vscode-server/bin/054a9295330880ed74ceaedda236253b4f39a335/extensions/ms-vscode.js-debug/src/extension.js
[2021-05-29 03:21:51.828] [exthost] [warning] [Decorations] CAPPING events from decorations provider vscode.git 1785
[2021-05-29 03:21:57.023] [exthost] [warning] [Decorations] CAPPING events from decorations provider vscode.git 1785
[2021-05-29 03:22:02.202] [exthost] [warning] [Decorations] CAPPING events from decorations provider vscode.git 1785
[2021-05-29 03:22:07.398] [exthost] [warning] [Decorations] CAPPING events from decorations provider vscode.git 1785
[2021-05-29 03:22:12.589] [exthost] [warning] [Decorations] CAPPING events from decorations provider vscode.git 1785
[2021-05-29 03:22:17.759] [exthost] [warning] [Decorations] CAPPING events from decorations provider vscode.git 1785
[2021-05-29 03:22:22.942] [exthost] [warning] [Decorations] CAPPING events from decorations provider vscode.git 1785
[2021-05-29 03:22:28.136] [exthost] [warning] [Decorations] CAPPING events from decorations provider vscode.git 1785
[2021-05-29 03:22:33.331] [exthost] [warning] [Decorations] CAPPING events from decorations provider vscode.git 1785
[2021-05-29 03:22:38.531] [exthost] [warning] [Decorations] CAPPING events from decorations provider vscode.git 1785
[2021-05-29 03:22:43.692] [exthost] [warning] [Decorations] CAPPING events from decorations provider vscode.git 1785
[2021-05-29 03:22:48.866] [exthost] [warning] [Decorations] CAPPING events from decorations provider vscode.git 1785
[2021-05-29 03:22:54.073] [exthost] [warning] [Decorations] CAPPING events from decorations provider vscode.git 1785
[2021-05-29 03:22:59.278] [exthost] [warning] [Decorations] CAPPING events from decorations provider vscode.git 1785
[2021-05-29 03:23:04.490] [exthost] [warning] [Decorations] CAPPING events from decorations provider vscode.git 1785
[2021-05-29 03:23:09.715] [exthost] [warning] [Decorations] CAPPING events from decorations provider vscode.git 1785
[2021-05-29 03:23:14.932] [exthost] [warning] [Decorations] CAPPING events from decorations provider vscode.git 1785
[2021-05-29 03:23:20.153] [exthost] [warning] [Decorations] CAPPING events from decorations provider vscode.git 1785
[2021-05-29 03:23:25.383] [exthost] [warning] [Decorations] CAPPING events from decorations provider vscode.git 1785
[2021-05-29 03:23:30.623] [exthost] [warning] [Decorations] CAPPING events from decorations provider vscode.git 1785
[2021-05-29 03:23:35.866] [exthost] [warning] [Decorations] CAPPING events from decorations provider vscode.git 1785
[2021-05-29 03:23:41.118] [exthost] [warning] [Decorations] CAPPING events from decorations provider vscode.git 1785
[2021-05-29 03:23:46.354] [exthost] [warning] [Decorations] CAPPING events from decorations provider vscode.git 1785
[2021-05-29 03:23:51.639] [exthost] [warning] [Decorations] CAPPING events from decorations provider vscode.git 1785
[2021-05-29 03:23:56.824] [exthost] [warning] [Decorations] CAPPING events from decorations provider vscode.git 1785
[2021-05-29 03:24:02.019] [exthost] [warning] [Decorations] CAPPING events from decorations provider vscode.git 1785
[2021-05-29 03:24:07.208] [exthost] [warning] [Decorations] CAPPING events from decorations provider vscode.git 1785
[2021-05-29 03:24:12.390] [exthost] [warning] [Decorations] CAPPING events from decorations provider vscode.git 1785
[2021-05-29 03:24:17.579] [exthost] [warning] [Decorations] CAPPING events from decorations provider vscode.git 1785
[2021-05-29 03:24:22.772] [exthost] [warning] [Decorations] CAPPING events from decorations provider vscode.git 1785
[2021-05-29 03:24:27.977] [exthost] [warning] [Decorations] CAPPING events from decorations provider vscode.git 1785
[2021-05-29 03:24:33.176] [exthost] [warning] [Decorations] CAPPING events from decorations provider vscode.git 1785
[2021-05-29 03:24:38.381] [exthost] [warning] [Decorations] CAPPING events from decorations provider vscode.git 1785
[2021-05-29 03:24:43.583] [exthost] [warning] [Decorations] CAPPING events from decorations provider vscode.git 1785
[2021-05-29 03:24:48.795] [exthost] [warning] [Decorations] CAPPING events from decorations provider vscode.git 1785
[2021-05-29 03:24:53.997] [exthost] [warning] [Decorations] CAPPING events from decorations provider vscode.git 1785
[2021-05-29 03:24:59.249] [exthost] [warning] [Decorations] CAPPING events from decorations provider vscode.git 1785
[2021-05-29 03:25:04.477] [exthost] [warning] [Decorations] CAPPING events from decorations provider vscode.git 1785
[2021-05-29 03:25:09.709] [exthost] [warning] [Decorations] CAPPING events from decorations provider vscode.git 1785
[2021-05-29 03:25:14.952] [exthost] [warning] [Decorations] CAPPING events from decorations provider vscode.git 1785
[2021-05-29 03:25:20.198] [exthost] [warning] [Decorations] CAPPING events from decorations provider vscode.git 1785
[2021-05-29 03:25:25.412] [exthost] [warning] [Decorations] CAPPING events from decorations provider vscode.git 1785
[2021-05-29 03:25:30.610] [exthost] [warning] [Decorations] CAPPING events from decorations provider vscode.git 1785
[2021-05-29 03:25:35.821] [exthost] [warning] [Decorations] CAPPING events from decorations provider vscode.git 1785
[2021-05-29 03:25:41.029] [exthost] [warning] [Decorations] CAPPING events from decorations provider vscode.git 1785
[2021-05-29 03:25:46.223] [exthost] [warning] [Decorations] CAPPING events from decorations provider vscode.git 1785
[2021-05-29 03:25:51.432] [exthost] [warning] [Decorations] CAPPING events from decorations provider vscode.git 1785
[2021-05-29 03:25:56.638] [exthost] [warning] [Decorations] CAPPING events from decorations provider vscode.git 1785
[2021-05-29 03:26:01.844] [exthost] [warning] [Decorations] CAPPING events from decorations provider vscode.git 1785
[2021-05-29 03:26:07.072] [exthost] [warning] [Decorations] CAPPING events from decorations provider vscode.git 1785
[2021-05-29 03:26:12.278] [exthost] [warning] [Decorations] CAPPING events from decorations provider vscode.git 1785
[2021-05-29 03:26:17.483] [exthost] [warning] [Decorations] CAPPING events from decorations provider vscode.git 1785
[2021-05-29 03:26:22.688] [exthost] [warning] [Decorations] CAPPING events from decorations provider vscode.git 1785
[2021-05-29 03:26:27.898] [exthost] [warning] [Decorations] CAPPING events from decorations provider vscode.git 1785
[2021-05-29 03:26:33.097] [exthost] [warning] [Decorations] CAPPING events from decorations provider vscode.git 1785
[2021-05-29 03:26:38.298] [exthost] [warning] [Decorations] CAPPING events from decorations provider vscode.git 1785
[2021-05-29 03:26:43.496] [exthost] [warning] [Decorations] CAPPING events from decorations provider vscode.git 1785
[2021-05-29 03:26:48.712] [exthost] [warning] [Decorations] CAPPING events from decorations provider vscode.git 1785
[2021-05-29 03:26:53.940] [exthost] [warning] [Decorations] CAPPING events from decorations provider vscode.git 1785
[2021-05-29 03:26:59.168] [exthost] [warning] [Decorations] CAPPING events from decorations provider vscode.git 1785
[2021-05-29 03:27:04.385] [exthost] [warning] [Decorations] CAPPING events from decorations provider vscode.git 1785
[2021-05-29 03:27:09.613] [exthost] [warning] [Decorations] CAPPING events from decorations provider vscode.git 1785
[2021-05-29 03:27:14.837] [exthost] [warning] [Decorations] CAPPING events from decorations provider vscode.git 1785
[2021-05-29 03:27:20.074] [exthost] [warning] [Decorations] CAPPING events from decorations provider vscode.git 1785
[2021-05-29 03:27:25.320] [exthost] [warning] [Decorations] CAPPING events from decorations provider vscode.git 1785
[2021-05-29 03:27:30.516] [exthost] [warning] [Decorations] CAPPING events from decorations provider vscode.git 1785
[2021-05-29 03:27:35.701] [exthost] [warning] [Decorations] CAPPING events from decorations provider vscode.git 1785
[2021-05-29 03:27:40.890] [exthost] [warning] [Decorations] CAPPING events from decorations provider vscode.git 1785
[2021-05-29 03:27:46.072] [exthost] [warning] [Decorations] CAPPING events from decorations provider vscode.git 1785
[2021-05-29 03:27:51.249] [exthost] [warning] [Decorations] CAPPING events from decorations provider vscode.git 1785
[2021-05-29 03:27:56.444] [exthost] [warning] [Decorations] CAPPING events from decorations provider vscode.git 1785
[2021-05-29 03:28:01.622] [exthost] [warning] [Decorations] CAPPING events from decorations provider vscode.git 1785
[2021-05-29 03:28:06.814] [exthost] [warning] [Decorations] CAPPING events from decorations provider vscode.git 1785
[2021-05-29 03:28:12.013] [exthost] [warning] [Decorations] CAPPING events from decorations provider vscode.git 1785
[2021-05-29 03:28:17.223] [exthost] [warning] [Decorations] CAPPING events from decorations provider vscode.git 1785
[2021-05-29 03:28:22.425] [exthost] [warning] [Decorations] CAPPING events from decorations provider vscode.git 1785
[2021-05-29 03:28:27.673] [exthost] [warning] [Decorations] CAPPING events from decorations provider vscode.git 1785
[2021-05-29 03:28:32.860] [exthost] [warning] [Decorations] CAPPING events from decorations provider vscode.git 1785
[2021-05-29 03:28:38.043] [exthost] [warning] [Decorations] CAPPING events from decorations provider vscode.git 1785
[2021-05-29 03:28:43.229] [exthost] [warning] [Decorations] CAPPING events from decorations provider vscode.git 1785
[2021-05-29 03:30:21.851] [exthost] [warning] [Decorations] CAPPING events from decorations provider vscode.git 1785
[2021-05-29 03:30:27.023] [exthost] [warning] [Decorations] CAPPING events from decorations provider vscode.git 1785
[2021-05-29 03:30:32.197] [exthost] [warning] [Decorations] CAPPING events from decorations provider vscode.git 1785
[2021-05-29 03:30:37.370] [exthost] [warning] [Decorations] CAPPING events from decorations provider vscode.git 1785
[2021-05-29 03:30:42.549] [exthost] [warning] [Decorations] CAPPING events from decorations provider vscode.git 1785
[2021-05-29 03:30:47.728] [exthost] [warning] [Decorations] CAPPING events from decorations provider vscode.git 1785
[2021-05-29 03:30:52.904] [exthost] [warning] [Decorations] CAPPING events from decorations provider vscode.git 1785
[2021-05-29 03:30:58.083] [exthost] [warning] [Decorations] CAPPING events from decorations provider vscode.git 1785
[2021-05-29 03:31:25.523] [exthost] [warning] [Decorations] CAPPING events from decorations provider vscode.git 1785
[2021-05-29 03:31:30.692] [exthost] [warning] [Decorations] CAPPING events from decorations provider vscode.git 1785
[2021-05-29 03:31:35.874] [exthost] [warning] [Decorations] CAPPING events from decorations provider vscode.git 1785
[2021-05-29 03:31:41.051] [exthost] [warning] [Decorations] CAPPING events from decorations provider vscode.git 1791
[2021-05-29 03:31:46.238] [exthost] [warning] [Decorations] CAPPING events from decorations provider vscode.git 1791
[2021-05-29 03:31:51.407] [exthost] [warning] [Decorations] CAPPING events from decorations provider vscode.git 1791
[2021-05-29 03:31:56.592] [exthost] [warning] [Decorations] CAPPING events from decorations provider vscode.git 1791
[2021-05-29 03:32:01.776] [exthost] [warning] [Decorations] CAPPING events from decorations provider vscode.git 1790
[2021-05-29 03:32:06.963] [exthost] [warning] [Decorations] CAPPING events from decorations provider vscode.git 1790
[2021-05-29 03:32:12.134] [exthost] [warning] [Decorations] CAPPING events from decorations provider vscode.git 1790
[2021-05-29 03:32:17.309] [exthost] [warning] [Decorations] CAPPING events from decorations provider vscode.git 1791
[2021-05-29 03:32:22.478] [exthost] [warning] [Decorations] CAPPING events from decorations provider vscode.git 1790
[2021-05-29 03:32:27.664] [exthost] [warning] [Decorations] CAPPING events from decorations provider vscode.git 1790
[2021-05-29 03:32:32.841] [exthost] [warning] [Decorations] CAPPING events from decorations provider vscode.git 1791
[2021-05-29 03:32:38.015] [exthost] [warning] [Decorations] CAPPING events from decorations provider vscode.git 1792
[2021-05-29 03:32:43.183] [exthost] [warning] [Decorations] CAPPING events from decorations provider vscode.git 1791
[2021-05-29 03:32:48.374] [exthost] [warning] [Decorations] CAPPING events from decorations provider vscode.git 1790
[2021-05-29 03:32:53.557] [exthost] [warning] [Decorations] CAPPING events from decorations provider vscode.git 1790
[2021-05-29 03:32:58.759] [exthost] [warning] [Decorations] CAPPING events from decorations provider vscode.git 1795
[2021-05-29 03:33:03.942] [exthost] [warning] [Decorations] CAPPING events from decorations provider vscode.git 1790
[2021-05-29 03:33:09.134] [exthost] [warning] [Decorations] CAPPING events from decorations provider vscode.git 1790
[2021-05-29 03:33:14.314] [exthost] [warning] [Decorations] CAPPING events from decorations provider vscode.git 1790
[2021-05-29 03:33:19.512] [exthost] [warning] [Decorations] CAPPING events from decorations provider vscode.git 1790
[2021-05-29 03:33:24.691] [exthost] [warning] [Decorations] CAPPING events from decorations provider vscode.git 1790
[2021-05-29 03:33:29.880] [exthost] [warning] [Decorations] CAPPING events from decorations provider vscode.git 1790
[2021-05-29 03:33:35.065] [exthost] [warning] [Decorations] CAPPING events from decorations provider vscode.git 1790
[2021-05-29 03:33:40.240] [exthost] [warning] [Decorations] CAPPING events from decorations provider vscode.git 1790
[2021-05-29 03:33:45.426] [exthost] [warning] [Decorations] CAPPING events from decorations provider vscode.git 1790
[2021-05-29 03:34:23.151] [exthost] [warning] [Decorations] CAPPING events from decorations provider vscode.git 1790
[2021-05-29 03:34:28.309] [exthost] [warning] [Decorations] CAPPING events from decorations provider vscode.git 1790
[2021-05-29 03:34:33.498] [exthost] [warning] [Decorations] CAPPING events from decorations provider vscode.git 1791
[2021-05-29 03:34:38.686] [exthost] [warning] [Decorations] CAPPING events from decorations provider vscode.git 1791
[2021-05-29 03:34:43.880] [exthost] [warning] [Decorations] CAPPING events from decorations provider vscode.git 1791
[2021-05-29 03:34:49.057] [exthost] [warning] [Decorations] CAPPING events from decorations provider vscode.git 1791
[2021-05-29 03:34:54.239] [exthost] [warning] [Decorations] CAPPING events from decorations provider vscode.git 1791
[2021-05-29 03:34:59.429] [exthost] [warning] [Decorations] CAPPING events from decorations provider vscode.git 1791
[2021-05-29 03:35:04.619] [exthost] [warning] [Decorations] CAPPING events from decorations provider vscode.git 1791
[2021-05-29 03:35:09.810] [exthost] [warning] [Decorations] CAPPING events from decorations provider vscode.git 1791
[2021-05-29 03:35:15.005] [exthost] [warning] [Decorations] CAPPING events from decorations provider vscode.git 1791
[2021-05-29 03:35:20.192] [exthost] [warning] [Decorations] CAPPING events from decorations provider vscode.git 1791
[2021-05-29 03:35:25.380] [exthost] [warning] [Decorations] CAPPING events from decorations provider vscode.git 1791
[2021-05-29 03:35:30.569] [exthost] [warning] [Decorations] CAPPING events from decorations provider vscode.git 1791
[2021-05-29 03:35:46.489] [exthost] [warning] [Decorations] CAPPING events from decorations provider vscode.git 1791
[2021-05-29 03:35:51.674] [exthost] [warning] [Decorations] CAPPING events from decorations provider vscode.git 1791
[2021-05-29 03:35:56.868] [exthost] [warning] [Decorations] CAPPING events from decorations provider vscode.git 1791
[2021-05-29 03:36:02.056] [exthost] [warning] [Decorations] CAPPING events from decorations provider vscode.git 1791
[2021-05-29 03:36:07.238] [exthost] [warning] [Decorations] CAPPING events from decorations provider vscode.git 1791
[2021-05-29 03:36:12.420] [exthost] [warning] [Decorations] CAPPING events from decorations provider vscode.git 1791
[2021-05-29 03:36:17.611] [exthost] [warning] [Decorations] CAPPING events from decorations provider vscode.git 1791
[2021-05-29 03:36:22.796] [exthost] [warning] [Decorations] CAPPING events from decorations provider vscode.git 1791
[2021-05-29 03:36:27.985] [exthost] [warning] [Decorations] CAPPING events from decorations provider vscode.git 1791
[2021-05-29 03:36:33.172] [exthost] [warning] [Decorations] CAPPING events from decorations provider vscode.git 1791
[2021-05-29 03:36:38.362] [exthost] [warning] [Decorations] CAPPING events from decorations provider vscode.git 1791
[2021-05-29 03:36:43.549] [exthost] [warning] [Decorations] CAPPING events from decorations provider vscode.git 1796
[2021-05-29 03:36:48.740] [exthost] [warning] [Decorations] CAPPING events from decorations provider vscode.git 1796
[2021-05-29 03:36:53.930] [exthost] [warning] [Decorations] CAPPING events from decorations provider vscode.git 1796
[2021-05-29 03:36:59.117] [exthost] [warning] [Decorations] CAPPING events from decorations provider vscode.git 1796
[2021-05-29 03:37:04.308] [exthost] [warning] [Decorations] CAPPING events from decorations provider vscode.git 1796
[2021-05-29 03:37:09.490] [exthost] [warning] [Decorations] CAPPING events from decorations provider vscode.git 1796
[2021-05-29 03:37:14.678] [exthost] [warning] [Decorations] CAPPING events from decorations provider vscode.git 1796
[2021-05-29 03:37:19.864] [exthost] [warning] [Decorations] CAPPING events from decorations provider vscode.git 1796
[2021-05-29 03:37:25.049] [exthost] [warning] [Decorations] CAPPING events from decorations provider vscode.git 1796
[2021-05-29 03:37:30.233] [exthost] [warning] [Decorations] CAPPING events from decorations provider vscode.git 1796
[2021-05-29 03:37:35.418] [exthost] [warning] [Decorations] CAPPING events from decorations provider vscode.git 1796
[2021-05-29 03:37:40.606] [exthost] [warning] [Decorations] CAPPING events from decorations provider vscode.git 1796
[2021-05-29 03:37:45.799] [exthost] [warning] [Decorations] CAPPING events from decorations provider vscode.git 1796
[2021-05-29 03:38:54.599] [exthost] [warning] [Decorations] CAPPING events from decorations provider vscode.git 1796
[2021-05-29 03:38:59.777] [exthost] [warning] [Decorations] CAPPING events from decorations provider vscode.git 1796
[2021-05-29 03:39:04.954] [exthost] [warning] [Decorations] CAPPING events from decorations provider vscode.git 1796
[2021-05-29 03:39:10.145] [exthost] [warning] [Decorations] CAPPING events from decorations provider vscode.git 1796
[2021-05-29 03:39:15.325] [exthost] [warning] [Decorations] CAPPING events from decorations provider vscode.git 1796
[2021-05-29 03:39:20.510] [exthost] [warning] [Decorations] CAPPING events from decorations provider vscode.git 1796
[2021-05-29 03:39:25.695] [exthost] [warning] [Decorations] CAPPING events from decorations provider vscode.git 1796
[2021-05-29 03:39:30.873] [exthost] [warning] [Decorations] CAPPING events from decorations provider vscode.git 1796
[2021-05-29 03:40:19.404] [exthost] [warning] [Decorations] CAPPING events from decorations provider vscode.git 1796
[2021-05-29 03:40:24.592] [exthost] [warning] [Decorations] CAPPING events from decorations provider vscode.git 1796
[2021-05-29 03:40:29.776] [exthost] [warning] [Decorations] CAPPING events from decorations provider vscode.git 1796
[2021-05-29 03:40:34.955] [exthost] [warning] [Decorations] CAPPING events from decorations provider vscode.git 1796
[2021-05-29 03:40:40.151] [exthost] [warning] [Decorations] CAPPING events from decorations provider vscode.git 1796
[2021-05-29 03:40:45.340] [exthost] [warning] [Decorations] CAPPING events from decorations provider vscode.git 1796
[2021-05-29 03:40:50.526] [exthost] [warning] [Decorations] CAPPING events from decorations provider vscode.git 1796
[2021-05-29 03:40:55.729] [exthost] [warning] [Decorations] CAPPING events from decorations provider vscode.git 1796
[2021-05-29 03:41:00.914] [exthost] [warning] [Decorations] CAPPING events from decorations provider vscode.git 1796
[2021-05-29 03:41:06.101] [exthost] [warning] [Decorations] CAPPING events from decorations provider vscode.git 1796
[2021-05-29 03:41:11.275] [exthost] [warning] [Decorations] CAPPING events from decorations provider vscode.git 1796
[2021-05-29 03:41:16.457] [exthost] [warning] [Decorations] CAPPING events from decorations provider vscode.git 1796
[2021-05-29 03:42:21.404] [exthost] [warning] [Decorations] CAPPING events from decorations provider vscode.git 1796
[2021-05-29 03:42:26.581] [exthost] [warning] [Decorations] CAPPING events from decorations provider vscode.git 1796
[2021-05-29 03:42:31.777] [exthost] [warning] [Decorations] CAPPING events from decorations provider vscode.git 1796
[2021-05-29 03:42:36.970] [exthost] [warning] [Decorations] CAPPING events from decorations provider vscode.git 1796
[2021-05-29 03:42:42.165] [exthost] [warning] [Decorations] CAPPING events from decorations provider vscode.git 1796
[2021-05-29 03:42:47.347] [exthost] [warning] [Decorations] CAPPING events from decorations provider vscode.git 1796
[2021-05-29 03:42:52.542] [exthost] [warning] [Decorations] CAPPING events from decorations provider vscode.git 1796
[2021-05-29 03:42:57.736] [exthost] [warning] [Decorations] CAPPING events from decorations provider vscode.git 1796
[2021-05-29 03:43:02.920] [exthost] [warning] [Decorations] CAPPING events from decorations provider vscode.git 1796
[2021-05-29 03:43:08.113] [exthost] [warning] [Decorations] CAPPING events from decorations provider vscode.git 1796
[2021-05-29 03:43:13.286] [exthost] [warning] [Decorations] CAPPING events from decorations provider vscode.git 1796
[2021-05-29 03:43:18.475] [exthost] [warning] [Decorations] CAPPING events from decorations provider vscode.git 1796
[2021-05-29 03:43:23.663] [exthost] [warning] [Decorations] CAPPING events from decorations provider vscode.git 1796
[2021-05-29 03:43:28.856] [exthost] [warning] [Decorations] CAPPING events from decorations provider vscode.git 1796
[2021-05-29 03:43:34.052] [exthost] [warning] [Decorations] CAPPING events from decorations provider vscode.git 1796
[2021-05-29 03:43:39.256] [exthost] [warning] [Decorations] CAPPING events from decorations provider vscode.git 1796
[2021-05-29 03:43:44.461] [exthost] [warning] [Decorations] CAPPING events from decorations provider vscode.git 1796
[2021-05-29 03:43:49.678] [exthost] [warning] [Decorations] CAPPING events from decorations provider vscode.git 1796
[2021-05-29 03:43:54.897] [exthost] [warning] [Decorations] CAPPING events from decorations provider vscode.git 1796
[2021-05-29 03:44:00.119] [exthost] [warning] [Decorations] CAPPING events from decorations provider vscode.git 1796
[2021-05-29 03:44:05.369] [exthost] [warning] [Decorations] CAPPING events from decorations provider vscode.git 1796
[2021-05-29 03:44:10.559] [exthost] [warning] [Decorations] CAPPING events from decorations provider vscode.git 1796
[2021-05-29 03:44:15.739] [exthost] [warning] [Decorations] CAPPING events from decorations provider vscode.git 1796
[2021-05-29 03:44:20.931] [exthost] [warning] [Decorations] CAPPING events from decorations provider vscode.git 1796
[2021-05-29 03:44:26.122] [exthost] [warning] [Decorations] CAPPING events from decorations provider vscode.git 1796
[2021-05-29 03:44:31.320] [exthost] [warning] [Decorations] CAPPING events from decorations provider vscode.git 1796
[2021-05-29 03:44:36.513] [exthost] [warning] [Decorations] CAPPING events from decorations provider vscode.git 1796
[2021-05-29 03:44:41.700] [exthost] [warning] [Decorations] CAPPING events from decorations provider vscode.git 1796
[2021-05-29 03:44:46.888] [exthost] [warning] [Decorations] CAPPING events from decorations provider vscode.git 1796
[2021-05-29 03:44:52.074] [exthost] [warning] [Decorations] CAPPING events from decorations provider vscode.git 1796
[2021-05-29 03:44:57.255] [exthost] [warning] [Decorations] CAPPING events from decorations provider vscode.git 1796
[2021-05-29 03:45:02.454] [exthost] [warning] [Decorations] CAPPING events from decorations provider vscode.git 1796
[2021-05-29 03:45:07.650] [exthost] [warning] [Decorations] CAPPING events from decorations provider vscode.git 1796
[2021-05-29 03:45:12.850] [exthost] [warning] [Decorations] CAPPING events from decorations provider vscode.git 1796
[2021-05-29 03:45:18.068] [exthost] [warning] [Decorations] CAPPING events from decorations provider vscode.git 1796
[2021-05-29 03:45:23.284] [exthost] [warning] [Decorations] CAPPING events from decorations provider vscode.git 1796
[2021-05-29 03:45:28.503] [exthost] [warning] [Decorations] CAPPING events from decorations provider vscode.git 1796
[2021-05-29 03:45:33.734] [exthost] [warning] [Decorations] CAPPING events from decorations provider vscode.git 1796
[2021-05-29 03:45:38.938] [exthost] [warning] [Decorations] CAPPING events from decorations provider vscode.git 1796
[2021-05-29 03:45:44.140] [exthost] [warning] [Decorations] CAPPING events from decorations provider vscode.git 1796
[2021-05-29 03:45:49.347] [exthost] [warning] [Decorations] CAPPING events from decorations provider vscode.git 1796
[2021-05-29 03:46:00.045] [exthost] [warning] [Decorations] CAPPING events from decorations provider vscode.git 1796
[2021-05-29 03:46:05.248] [exthost] [warning] [Decorations] CAPPING events from decorations provider vscode.git 1796
[2021-05-29 03:46:10.457] [exthost] [warning] [Decorations] CAPPING events from decorations provider vscode.git 1796
[2021-05-29 03:46:15.665] [exthost] [warning] [Decorations] CAPPING events from decorations provider vscode.git 1796
[2021-05-29 03:46:20.853] [exthost] [warning] [Decorations] CAPPING events from decorations provider vscode.git 1796
[2021-05-29 03:46:26.575] [exthost] [warning] [Decorations] CAPPING events from decorations provider vscode.git 1796
[2021-05-29 03:46:31.773] [exthost] [warning] [Decorations] CAPPING events from decorations provider vscode.git 1796
[2021-05-29 03:46:37.010] [exthost] [warning] [Decorations] CAPPING events from decorations provider vscode.git 1796
[2021-05-29 03:46:42.262] [exthost] [warning] [Decorations] CAPPING events from decorations provider vscode.git 1796
[2021-05-29 03:46:47.452] [exthost] [warning] [Decorations] CAPPING events from decorations provider vscode.git 1796
[2021-05-29 03:46:52.639] [exthost] [warning] [Decorations] CAPPING events from decorations provider vscode.git 1796
[2021-05-29 03:46:57.831] [exthost] [warning] [Decorations] CAPPING events from decorations provider vscode.git 1796
[2021-05-29 03:47:03.018] [exthost] [warning] [Decorations] CAPPING events from decorations provider vscode.git 1796
[2021-05-29 03:47:08.198] [exthost] [warning] [Decorations] CAPPING events from decorations provider vscode.git 1796
[2021-05-29 03:47:13.390] [exthost] [warning] [Decorations] CAPPING events from decorations provider vscode.git 1796
[2021-05-29 03:47:18.584] [exthost] [warning] [Decorations] CAPPING events from decorations provider vscode.git 1796
[2021-05-29 03:47:23.775] [exthost] [warning] [Decorations] CAPPING events from decorations provider vscode.git 1796
[2021-05-29 03:47:28.964] [exthost] [warning] [Decorations] CAPPING events from decorations provider vscode.git 1796
[2021-05-29 03:47:34.152] [exthost] [warning] [Decorations] CAPPING events from decorations provider vscode.git 1796
[2021-05-29 03:47:39.327] [exthost] [warning] [Decorations] CAPPING events from decorations provider vscode.git 1796
[2021-05-29 03:47:44.487] [exthost] [warning] [Decorations] CAPPING events from decorations provider vscode.git 1796
[2021-05-29 03:47:49.668] [exthost] [warning] [Decorations] CAPPING events from decorations provider vscode.git 1796
[2021-05-29 03:47:54.829] [exthost] [warning] [Decorations] CAPPING events from decorations provider vscode.git 1796
[2021-05-29 03:48:00.011] [exthost] [warning] [Decorations] CAPPING events from decorations provider vscode.git 1796
[2021-05-29 03:48:05.196] [exthost] [warning] [Decorations] CAPPING events from decorations provider vscode.git 1796
[2021-05-29 03:48:10.367] [exthost] [warning] [Decorations] CAPPING events from decorations provider vscode.git 1796
[2021-05-29 03:48:15.533] [exthost] [warning] [Decorations] CAPPING events from decorations provider vscode.git 1796
[2021-05-29 03:48:20.707] [exthost] [warning] [Decorations] CAPPING events from decorations provider vscode.git 1796
[2021-05-29 03:48:25.884] [exthost] [warning] [Decorations] CAPPING events from decorations provider vscode.git 1796
[2021-05-29 03:48:31.056] [exthost] [warning] [Decorations] CAPPING events from decorations provider vscode.git 1796
[2021-05-29 03:48:36.242] [exthost] [warning] [Decorations] CAPPING events from decorations provider vscode.git 1796
[2021-05-29 03:48:41.431] [exthost] [warning] [Decorations] CAPPING events from decorations provider vscode.git 1796
[2021-05-29 03:48:46.613] [exthost] [warning] [Decorations] CAPPING events from decorations provider vscode.git 1796
[2021-05-29 03:48:51.783] [exthost] [warning] [Decorations] CAPPING events from decorations provider vscode.git 1796
[2021-05-29 03:48:56.948] [exthost] [warning] [Decorations] CAPPING events from decorations provider vscode.git 1796
[2021-05-29 03:49:02.130] [exthost] [warning] [Decorations] CAPPING events from decorations provider vscode.git 1796
[2021-05-29 03:49:07.319] [exthost] [warning] [Decorations] CAPPING events from decorations provider vscode.git 1796
[2021-05-29 03:49:12.496] [exthost] [warning] [Decorations] CAPPING events from decorations provider vscode.git 1796
[2021-05-29 03:49:17.680] [exthost] [warning] [Decorations] CAPPING events from decorations provider vscode.git 1796
[2021-05-29 03:49:22.864] [exthost] [warning] [Decorations] CAPPING events from decorations provider vscode.git 1796
[2021-05-29 03:49:28.040] [exthost] [warning] [Decorations] CAPPING events from decorations provider vscode.git 1796
[2021-05-29 03:49:38.620] [exthost] [warning] [Decorations] CAPPING events from decorations provider vscode.git 1796
[2021-05-29 03:49:43.793] [exthost] [warning] [Decorations] CAPPING events from decorations provider vscode.git 1796
[2021-05-29 03:49:48.965] [exthost] [warning] [Decorations] CAPPING events from decorations provider vscode.git 1796
[2021-05-29 03:49:54.148] [exthost] [warning] [Decorations] CAPPING events from decorations provider vscode.git 1796
[2021-05-29 03:49:59.342] [exthost] [warning] [Decorations] CAPPING events from decorations provider vscode.git 1796
[2021-05-29 03:50:04.546] [exthost] [warning] [Decorations] CAPPING events from decorations provider vscode.git 1796
[2021-05-29 03:50:09.767] [exthost] [warning] [Decorations] CAPPING events from decorations provider vscode.git 1796
[2021-05-29 03:50:14.972] [exthost] [warning] [Decorations] CAPPING events from decorations provider vscode.git 1796
[2021-05-29 03:50:20.171] [exthost] [warning] [Decorations] CAPPING events from decorations provider vscode.git 1796
[2021-05-29 03:50:25.405] [exthost] [warning] [Decorations] CAPPING events from decorations provider vscode.git 1797
[2021-05-29 03:50:30.629] [exthost] [warning] [Decorations] CAPPING events from decorations provider vscode.git 1797
[2021-05-29 03:50:35.864] [exthost] [warning] [Decorations] CAPPING events from decorations provider vscode.git 1797
[2021-05-29 03:50:41.105] [exthost] [warning] [Decorations] CAPPING events from decorations provider vscode.git 1797
[2021-05-29 03:50:46.293] [exthost] [warning] [Decorations] CAPPING events from decorations provider vscode.git 1797
[2021-05-29 03:50:51.476] [exthost] [warning] [Decorations] CAPPING events from decorations provider vscode.git 1797
[2021-05-29 03:50:56.669] [exthost] [warning] [Decorations] CAPPING events from decorations provider vscode.git 1797
[2021-05-29 03:51:01.849] [exthost] [warning] [Decorations] CAPPING events from decorations provider vscode.git 1797
[2021-05-29 03:51:07.040] [exthost] [warning] [Decorations] CAPPING events from decorations provider vscode.git 1797
[2021-05-29 03:51:12.236] [exthost] [warning] [Decorations] CAPPING events from decorations provider vscode.git 1797
[2021-05-29 03:51:17.413] [exthost] [warning] [Decorations] CAPPING events from decorations provider vscode.git 1797
[2021-05-29 03:51:22.611] [exthost] [warning] [Decorations] CAPPING events from decorations provider vscode.git 1797
[2021-05-29 03:51:27.812] [exthost] [warning] [Decorations] CAPPING events from decorations provider vscode.git 1797
[2021-05-29 03:51:33.024] [exthost] [warning] [Decorations] CAPPING events from decorations provider vscode.git 1797
[2021-05-29 03:51:38.239] [exthost] [warning] [Decorations] CAPPING events from decorations provider vscode.git 1798
[2021-05-29 03:51:43.453] [exthost] [warning] [Decorations] CAPPING events from decorations provider vscode.git 1798
[2021-05-29 03:51:48.662] [exthost] [warning] [Decorations] CAPPING events from decorations provider vscode.git 1798
[2021-05-29 03:51:53.889] [exthost] [warning] [Decorations] CAPPING events from decorations provider vscode.git 1798
[2021-05-29 03:51:59.125] [exthost] [warning] [Decorations] CAPPING events from decorations provider vscode.git 1798
[2021-05-29 03:52:04.317] [exthost] [warning] [Decorations] CAPPING events from decorations provider vscode.git 1798
[2021-05-29 03:52:09.491] [exthost] [warning] [Decorations] CAPPING events from decorations provider vscode.git 1798
[2021-05-29 03:52:14.672] [exthost] [warning] [Decorations] CAPPING events from decorations provider vscode.git 1798
[2021-05-29 03:52:19.857] [exthost] [warning] [Decorations] CAPPING events from decorations provider vscode.git 1798
[2021-05-29 03:52:25.037] [exthost] [warning] [Decorations] CAPPING events from decorations provider vscode.git 1798
[2021-05-29 03:52:30.239] [exthost] [warning] [Decorations] CAPPING events from decorations provider vscode.git 1798
[2021-05-29 03:52:35.418] [exthost] [warning] [Decorations] CAPPING events from decorations provider vscode.git 1798
[2021-05-29 03:52:40.578] [exthost] [warning] [Decorations] CAPPING events from decorations provider vscode.git 1798
[2021-05-29 03:52:45.771] [exthost] [warning] [Decorations] CAPPING events from decorations provider vscode.git 1798
[2021-05-29 03:52:50.966] [exthost] [warning] [Decorations] CAPPING events from decorations provider vscode.git 1798
[2021-05-29 03:52:56.149] [exthost] [warning] [Decorations] CAPPING events from decorations provider vscode.git 1798
[2021-05-29 03:53:41.018] [exthost] [warning] [Decorations] CAPPING events from decorations provider vscode.git 1798
[2021-05-29 03:53:46.189] [exthost] [warning] [Decorations] CAPPING events from decorations provider vscode.git 1798
[2021-05-29 03:53:51.388] [exthost] [warning] [Decorations] CAPPING events from decorations provider vscode.git 1798
[2021-05-29 03:53:56.576] [exthost] [warning] [Decorations] CAPPING events from decorations provider vscode.git 1798
[2021-05-29 03:54:01.763] [exthost] [warning] [Decorations] CAPPING events from decorations provider vscode.git 1798
[2021-05-29 03:54:06.962] [exthost] [warning] [Decorations] CAPPING events from decorations provider vscode.git 1798
[2021-05-29 03:54:12.144] [exthost] [warning] [Decorations] CAPPING events from decorations provider vscode.git 1798
[2021-05-29 03:54:17.319] [exthost] [warning] [Decorations] CAPPING events from decorations provider vscode.git 1798
[2021-05-29 03:54:22.487] [exthost] [warning] [Decorations] CAPPING events from decorations provider vscode.git 1798
[2021-05-29 03:54:27.659] [exthost] [warning] [Decorations] CAPPING events from decorations provider vscode.git 1798
[2021-05-29 03:54:32.840] [exthost] [warning] [Decorations] CAPPING events from decorations provider vscode.git 1798
[2021-05-29 03:54:38.024] [exthost] [warning] [Decorations] CAPPING events from decorations provider vscode.git 1798
[2021-05-29 03:54:43.207] [exthost] [warning] [Decorations] CAPPING events from decorations provider vscode.git 1798
[2021-05-29 03:54:48.391] [exthost] [warning] [Decorations] CAPPING events from decorations provider vscode.git 1798
[2021-05-29 03:54:53.576] [exthost] [warning] [Decorations] CAPPING events from decorations provider vscode.git 1798
[2021-05-29 03:54:58.794] [exthost] [warning] [Decorations] CAPPING events from decorations provider vscode.git 1798
[2021-05-29 03:55:04.004] [exthost] [warning] [Decorations] CAPPING events from decorations provider vscode.git 1798
[2021-05-29 03:55:09.218] [exthost] [warning] [Decorations] CAPPING events from decorations provider vscode.git 1798
[2021-05-29 03:55:14.474] [exthost] [warning] [Decorations] CAPPING events from decorations provider vscode.git 1798
[2021-05-29 03:55:19.679] [exthost] [warning] [Decorations] CAPPING events from decorations provider vscode.git 1798
[2021-05-29 03:55:24.875] [exthost] [warning] [Decorations] CAPPING events from decorations provider vscode.git 1798
[2021-05-29 03:55:30.052] [exthost] [warning] [Decorations] CAPPING events from decorations provider vscode.git 1798
[2021-05-29 03:55:35.243] [exthost] [warning] [Decorations] CAPPING events from decorations provider vscode.git 1798
[2021-05-29 03:55:40.421] [exthost] [warning] [Decorations] CAPPING events from decorations provider vscode.git 1798
[2021-05-29 03:55:45.604] [exthost] [warning] [Decorations] CAPPING events from decorations provider vscode.git 1798
[2021-05-29 03:55:50.785] [exthost] [warning] [Decorations] CAPPING events from decorations provider vscode.git 1798
[2021-05-29 03:55:55.974] [exthost] [warning] [Decorations] CAPPING events from decorations provider vscode.git 1798
[2021-05-29 03:56:01.164] [exthost] [warning] [Decorations] CAPPING events from decorations provider vscode.git 1798
[2021-05-29 03:56:06.356] [exthost] [warning] [Decorations] CAPPING events from decorations provider vscode.git 1798
[2021-05-29 03:56:11.553] [exthost] [warning] [Decorations] CAPPING events from decorations provider vscode.git 1798
[2021-05-29 03:56:16.745] [exthost] [warning] [Decorations] CAPPING events from decorations provider vscode.git 1798
[2021-05-29 03:56:21.938] [exthost] [warning] [Decorations] CAPPING events from decorations provider vscode.git 1798
[2021-05-29 03:56:27.119] [exthost] [warning] [Decorations] CAPPING events from decorations provider vscode.git 1798
[2021-05-29 03:56:32.301] [exthost] [warning] [Decorations] CAPPING events from decorations provider vscode.git 1798
[2021-05-29 03:56:37.479] [exthost] [warning] [Decorations] CAPPING events from decorations provider vscode.git 1798
[2021-05-29 03:56:42.667] [exthost] [warning] [Decorations] CAPPING events from decorations provider vscode.git 1798
[2021-05-29 03:56:47.862] [exthost] [warning] [Decorations] CAPPING events from decorations provider vscode.git 1798
[2021-05-29 03:56:53.057] [exthost] [warning] [Decorations] CAPPING events from decorations provider vscode.git 1798
[2021-05-29 03:56:58.241] [exthost] [warning] [Decorations] CAPPING events from decorations provider vscode.git 1798
[2021-05-29 03:57:03.426] [exthost] [warning] [Decorations] CAPPING events from decorations provider vscode.git 1798
[2021-05-29 03:57:08.615] [exthost] [warning] [Decorations] CAPPING events from decorations provider vscode.git 1798
[2021-05-29 03:57:13.812] [exthost] [warning] [Decorations] CAPPING events from decorations provider vscode.git 1798
[2021-05-29 03:57:19.005] [exthost] [warning] [Decorations] CAPPING events from decorations provider vscode.git 1798
[2021-05-29 03:57:24.197] [exthost] [warning] [Decorations] CAPPING events from decorations provider vscode.git 1798
[2021-05-29 03:57:29.401] [exthost] [warning] [Decorations] CAPPING events from decorations provider vscode.git 1798
[2021-05-29 03:57:34.595] [exthost] [warning] [Decorations] CAPPING events from decorations provider vscode.git 1798
[2021-05-29 03:57:39.796] [exthost] [warning] [Decorations] CAPPING events from decorations provider vscode.git 1798
[2021-05-29 03:57:45.012] [exthost] [warning] [Decorations] CAPPING events from decorations provider vscode.git 1798
[2021-05-29 03:57:50.201] [exthost] [warning] [Decorations] CAPPING events from decorations provider vscode.git 1798
[2021-05-29 03:57:55.406] [exthost] [warning] [Decorations] CAPPING events from decorations provider vscode.git 1798
[2021-05-29 03:58:00.604] [exthost] [warning] [Decorations] CAPPING events from decorations provider vscode.git 1798
[2021-05-29 03:58:05.805] [exthost] [warning] [Decorations] CAPPING events from decorations provider vscode.git 1798
[2021-05-29 03:58:10.998] [exthost] [warning] [Decorations] CAPPING events from decorations provider vscode.git 1798
[2021-05-29 03:58:16.182] [exthost] [warning] [Decorations] CAPPING events from decorations provider vscode.git 1798
[2021-05-29 03:58:21.387] [exthost] [warning] [Decorations] CAPPING events from decorations provider vscode.git 1798
[2021-05-29 03:58:26.577] [exthost] [warning] [Decorations] CAPPING events from decorations provider vscode.git 1798
[2021-05-29 03:58:31.783] [exthost] [warning] [Decorations] CAPPING events from decorations provider vscode.git 1798
[2021-05-29 03:58:36.966] [exthost] [warning] [Decorations] CAPPING events from decorations provider vscode.git 1798
[2021-05-29 03:58:42.148] [exthost] [warning] [Decorations] CAPPING events from decorations provider vscode.git 1798
[2021-05-29 03:58:47.337] [exthost] [warning] [Decorations] CAPPING events from decorations provider vscode.git 1798
[2021-05-29 03:58:52.521] [exthost] [warning] [Decorations] CAPPING events from decorations provider vscode.git 1798
[2021-05-29 03:58:57.723] [exthost] [warning] [Decorations] CAPPING events from decorations provider vscode.git 1798
[2021-05-29 03:59:02.925] [exthost] [warning] [Decorations] CAPPING events from decorations provider vscode.git 1798
[2021-05-29 03:59:08.133] [exthost] [warning] [Decorations] CAPPING events from decorations provider vscode.git 1798
[2021-05-29 03:59:13.339] [exthost] [warning] [Decorations] CAPPING events from decorations provider vscode.git 1798
[2021-05-29 03:59:18.524] [exthost] [warning] [Decorations] CAPPING events from decorations provider vscode.git 1798
[2021-05-29 03:59:23.704] [exthost] [warning] [Decorations] CAPPING events from decorations provider vscode.git 1798
[2021-05-29 03:59:28.896] [exthost] [warning] [Decorations] CAPPING events from decorations provider vscode.git 1798
[2021-05-29 03:59:34.078] [exthost] [warning] [Decorations] CAPPING events from decorations provider vscode.git 1798
[2021-05-29 04:00:43.456] [exthost] [warning] [Decorations] CAPPING events from decorations provider vscode.git 1798
[2021-05-29 04:00:48.630] [exthost] [warning] [Decorations] CAPPING events from decorations provider vscode.git 1798
[2021-05-29 04:00:53.814] [exthost] [warning] [Decorations] CAPPING events from decorations provider vscode.git 1798
[2021-05-29 04:00:58.998] [exthost] [warning] [Decorations] CAPPING events from decorations provider vscode.git 1798
[2021-05-29 04:01:04.190] [exthost] [warning] [Decorations] CAPPING events from decorations provider vscode.git 1798
[2021-05-29 04:01:09.384] [exthost] [warning] [Decorations] CAPPING events from decorations provider vscode.git 1798
[2021-05-29 04:01:14.574] [exthost] [warning] [Decorations] CAPPING events from decorations provider vscode.git 1798
[2021-05-29 04:01:19.762] [exthost] [warning] [Decorations] CAPPING events from decorations provider vscode.git 1798
[2021-05-29 04:01:24.956] [exthost] [warning] [Decorations] CAPPING events from decorations provider vscode.git 1798
[2021-05-29 04:01:30.138] [exthost] [warning] [Decorations] CAPPING events from decorations provider vscode.git 1798
[2021-05-29 04:01:35.321] [exthost] [warning] [Decorations] CAPPING events from decorations provider vscode.git 1798
[2021-05-29 04:01:40.509] [exthost] [warning] [Decorations] CAPPING events from decorations provider vscode.git 1798
[2021-05-29 04:01:45.701] [exthost] [warning] [Decorations] CAPPING events from decorations provider vscode.git 1798
[2021-05-29 04:01:50.897] [exthost] [warning] [Decorations] CAPPING events from decorations provider vscode.git 1798
[2021-05-29 04:01:56.069] [exthost] [warning] [Decorations] CAPPING events from decorations provider vscode.git 1798
[2021-05-29 04:02:01.257] [exthost] [warning] [Decorations] CAPPING events from decorations provider vscode.git 1798
[2021-05-29 04:02:06.446] [exthost] [warning] [Decorations] CAPPING events from decorations provider vscode.git 1798
[2021-05-29 04:02:11.638] [exthost] [warning] [Decorations] CAPPING events from decorations provider vscode.git 1798
[2021-05-29 04:02:16.823] [exthost] [warning] [Decorations] CAPPING events from decorations provider vscode.git 1798
[2021-05-29 04:02:22.021] [exthost] [warning] [Decorations] CAPPING events from decorations provider vscode.git 1798
[2021-05-29 04:02:27.208] [exthost] [warning] [Decorations] CAPPING events from decorations provider vscode.git 1798
[2021-05-29 04:02:32.395] [exthost] [warning] [Decorations] CAPPING events from decorations provider vscode.git 1798
[2021-05-29 04:02:37.584] [exthost] [warning] [Decorations] CAPPING events from decorations provider vscode.git 1798
[2021-05-29 04:02:42.776] [exthost] [warning] [Decorations] CAPPING events from decorations provider vscode.git 1798
[2021-05-29 04:02:47.965] [exthost] [warning] [Decorations] CAPPING events from decorations provider vscode.git 1798
[2021-05-29 04:02:53.153] [exthost] [warning] [Decorations] CAPPING events from decorations provider vscode.git 1798
[2021-05-29 04:02:58.327] [exthost] [warning] [Decorations] CAPPING events from decorations provider vscode.git 1798
[2021-05-29 04:03:03.515] [exthost] [warning] [Decorations] CAPPING events from decorations provider vscode.git 1798
[2021-05-29 04:03:08.705] [exthost] [warning] [Decorations] CAPPING events from decorations provider vscode.git 1798
[2021-05-29 04:03:13.895] [exthost] [warning] [Decorations] CAPPING events from decorations provider vscode.git 1798
[2021-05-29 04:03:19.087] [exthost] [warning] [Decorations] CAPPING events from decorations provider vscode.git 1798
[2021-05-29 04:03:24.278] [exthost] [warning] [Decorations] CAPPING events from decorations provider vscode.git 1798
[2021-05-29 04:03:29.470] [exthost] [warning] [Decorations] CAPPING events from decorations provider vscode.git 1798
[2021-05-29 04:03:34.663] [exthost] [warning] [Decorations] CAPPING events from decorations provider vscode.git 1798
[2021-05-29 04:03:39.854] [exthost] [warning] [Decorations] CAPPING events from decorations provider vscode.git 1798
[2021-05-29 04:03:45.046] [exthost] [warning] [Decorations] CAPPING events from decorations provider vscode.git 1798
[2021-05-29 04:03:50.236] [exthost] [warning] [Decorations] CAPPING events from decorations provider vscode.git 1798
[2021-05-29 04:03:55.424] [exthost] [warning] [Decorations] CAPPING events from decorations provider vscode.git 1798
[2021-05-29 04:04:01.469] [exthost] [warning] [Decorations] CAPPING events from decorations provider vscode.git 1798
[2021-05-29 04:04:23.001] [exthost] [warning] [Decorations] CAPPING events from decorations provider vscode.git 1798
[2021-05-29 04:04:28.187] [exthost] [warning] [Decorations] CAPPING events from decorations provider vscode.git 1798
[2021-05-29 04:04:33.373] [exthost] [warning] [Decorations] CAPPING events from decorations provider vscode.git 1798
[2021-05-29 04:04:38.564] [exthost] [warning] [Decorations] CAPPING events from decorations provider vscode.git 1798
[2021-05-29 04:04:43.766] [exthost] [warning] [Decorations] CAPPING events from decorations provider vscode.git 1798
[2021-05-29 04:04:48.955] [exthost] [warning] [Decorations] CAPPING events from decorations provider vscode.git 1798
[2021-05-29 04:04:54.136] [exthost] [warning] [Decorations] CAPPING events from decorations provider vscode.git 1798
[2021-05-29 04:04:59.329] [exthost] [warning] [Decorations] CAPPING events from decorations provider vscode.git 1798
[2021-05-29 04:05:04.527] [exthost] [warning] [Decorations] CAPPING events from decorations provider vscode.git 1798
[2021-05-29 04:05:09.722] [exthost] [warning] [Decorations] CAPPING events from decorations provider vscode.git 1798
[2021-05-29 04:05:14.897] [exthost] [warning] [Decorations] CAPPING events from decorations provider vscode.git 1798
[2021-05-29 04:05:20.086] [exthost] [warning] [Decorations] CAPPING events from decorations provider vscode.git 1798
[2021-05-29 04:05:25.287] [exthost] [warning] [Decorations] CAPPING events from decorations provider vscode.git 1798
[2021-05-29 04:05:30.485] [exthost] [warning] [Decorations] CAPPING events from decorations provider vscode.git 1798
[2021-05-29 04:05:35.676] [exthost] [warning] [Decorations] CAPPING events from decorations provider vscode.git 1798
[2021-05-29 04:05:40.867] [exthost] [warning] [Decorations] CAPPING events from decorations provider vscode.git 1798
[2021-05-29 04:05:46.060] [exthost] [warning] [Decorations] CAPPING events from decorations provider vscode.git 1798
[2021-05-29 04:05:51.239] [exthost] [warning] [Decorations] CAPPING events from decorations provider vscode.git 1798
[2021-05-29 04:05:56.433] [exthost] [warning] [Decorations] CAPPING events from decorations provider vscode.git 1798
[2021-05-29 04:06:01.604] [exthost] [warning] [Decorations] CAPPING events from decorations provider vscode.git 1798
[2021-05-29 04:06:06.796] [exthost] [warning] [Decorations] CAPPING events from decorations provider vscode.git 1798
[2021-05-29 04:06:11.979] [exthost] [warning] [Decorations] CAPPING events from decorations provider vscode.git 1798
[2021-05-29 04:06:17.167] [exthost] [warning] [Decorations] CAPPING events from decorations provider vscode.git 1798
[2021-05-29 04:06:22.373] [exthost] [warning] [Decorations] CAPPING events from decorations provider vscode.git 1798
[2021-05-29 04:06:27.559] [exthost] [warning] [Decorations] CAPPING events from decorations provider vscode.git 1798
[2021-05-29 04:06:32.744] [exthost] [warning] [Decorations] CAPPING events from decorations provider vscode.git 1798
[2021-05-29 04:06:37.938] [exthost] [warning] [Decorations] CAPPING events from decorations provider vscode.git 1798
[2021-05-29 04:06:43.127] [exthost] [warning] [Decorations] CAPPING events from decorations provider vscode.git 1798
[2021-05-29 04:06:48.313] [exthost] [warning] [Decorations] CAPPING events from decorations provider vscode.git 1798
[2021-05-29 04:06:53.510] [exthost] [warning] [Decorations] CAPPING events from decorations provider vscode.git 1798
[2021-05-29 04:06:58.702] [exthost] [warning] [Decorations] CAPPING events from decorations provider vscode.git 1798
[2021-05-29 04:07:03.884] [exthost] [warning] [Decorations] CAPPING events from decorations provider vscode.git 1798
[2021-05-29 04:07:09.077] [exthost] [warning] [Decorations] CAPPING events from decorations provider vscode.git 1798
[2021-05-29 04:07:14.259] [exthost] [warning] [Decorations] CAPPING events from decorations provider vscode.git 1798
[2021-05-29 04:07:19.435] [exthost] [warning] [Decorations] CAPPING events from decorations provider vscode.git 1798
[2021-05-29 04:07:24.626] [exthost] [warning] [Decorations] CAPPING events from decorations provider vscode.git 1798
[2021-05-29 04:07:36.470] [exthost] [warning] [Decorations] CAPPING events from decorations provider vscode.git 1798
[2021-05-29 04:07:41.635] [exthost] [warning] [Decorations] CAPPING events from decorations provider vscode.git 1798
[2021-05-29 04:07:46.817] [exthost] [warning] [Decorations] CAPPING events from decorations provider vscode.git 1798
[2021-05-29 04:07:52.000] [exthost] [warning] [Decorations] CAPPING events from decorations provider vscode.git 1798
[2021-05-29 04:07:57.191] [exthost] [warning] [Decorations] CAPPING events from decorations provider vscode.git 1798
[2021-05-29 04:08:02.378] [exthost] [warning] [Decorations] CAPPING events from decorations provider vscode.git 1798
[2021-05-29 04:08:07.564] [exthost] [warning] [Decorations] CAPPING events from decorations provider vscode.git 1798
[2021-05-29 04:08:12.739] [exthost] [warning] [Decorations] CAPPING events from decorations provider vscode.git 1798
[2021-05-29 04:08:39.572] [exthost] [warning] [Decorations] CAPPING events from decorations provider vscode.git 1798
[2021-05-29 04:08:44.756] [exthost] [warning] [Decorations] CAPPING events from decorations provider vscode.git 1798
[2021-05-29 04:08:49.939] [exthost] [warning] [Decorations] CAPPING events from decorations provider vscode.git 1798
[2021-05-29 04:08:55.116] [exthost] [warning] [Decorations] CAPPING events from decorations provider vscode.git 1798
[2021-05-29 04:09:00.300] [exthost] [warning] [Decorations] CAPPING events from decorations provider vscode.git 1798
[2021-05-29 04:09:05.482] [exthost] [warning] [Decorations] CAPPING events from decorations provider vscode.git 1798
[2021-05-29 04:09:10.662] [exthost] [warning] [Decorations] CAPPING events from decorations provider vscode.git 1798
[2021-05-29 04:09:15.848] [exthost] [warning] [Decorations] CAPPING events from decorations provider vscode.git 1798
[2021-05-29 04:09:21.033] [exthost] [warning] [Decorations] CAPPING events from decorations provider vscode.git 1798
[2021-05-29 04:09:26.227] [exthost] [warning] [Decorations] CAPPING events from decorations provider vscode.git 1798
[2021-05-29 04:09:31.423] [exthost] [warning] [Decorations] CAPPING events from decorations provider vscode.git 1798
[2021-05-29 04:09:36.613] [exthost] [warning] [Decorations] CAPPING events from decorations provider vscode.git 1798
[2021-05-29 04:09:41.800] [exthost] [warning] [Decorations] CAPPING events from decorations provider vscode.git 1798
[2021-05-29 04:09:46.993] [exthost] [warning] [Decorations] CAPPING events from decorations provider vscode.git 1798
[2021-05-29 04:09:52.196] [exthost] [warning] [Decorations] CAPPING events from decorations provider vscode.git 1798
[2021-05-29 04:09:57.391] [exthost] [warning] [Decorations] CAPPING events from decorations provider vscode.git 1798
[2021-05-29 04:10:02.594] [exthost] [warning] [Decorations] CAPPING events from decorations provider vscode.git 1798
[2021-05-29 04:10:07.804] [exthost] [warning] [Decorations] CAPPING events from decorations provider vscode.git 1798
[2021-05-29 04:10:13.019] [exthost] [warning] [Decorations] CAPPING events from decorations provider vscode.git 1798
[2021-05-29 04:10:18.237] [exthost] [warning] [Decorations] CAPPING events from decorations provider vscode.git 1798
[2021-05-29 04:10:23.465] [exthost] [warning] [Decorations] CAPPING events from decorations provider vscode.git 1798
[2021-05-29 04:10:28.662] [exthost] [warning] [Decorations] CAPPING events from decorations provider vscode.git 1798
[2021-05-29 04:10:33.892] [exthost] [warning] [Decorations] CAPPING events from decorations provider vscode.git 1798
[2021-05-29 04:10:39.132] [exthost] [warning] [Decorations] CAPPING events from decorations provider vscode.git 1798
[2021-05-29 04:10:44.376] [exthost] [warning] [Decorations] CAPPING events from decorations provider vscode.git 1798
[2021-05-29 04:10:49.567] [exthost] [warning] [Decorations] CAPPING events from decorations provider vscode.git 1798
[2021-05-29 04:10:54.763] [exthost] [warning] [Decorations] CAPPING events from decorations provider vscode.git 1798
[2021-05-29 04:10:59.940] [exthost] [warning] [Decorations] CAPPING events from decorations provider vscode.git 1798
[2021-05-29 04:11:05.132] [exthost] [warning] [Decorations] CAPPING events from decorations provider vscode.git 1798
[2021-05-29 04:11:10.320] [exthost] [warning] [Decorations] CAPPING events from decorations provider vscode.git 1798
[2021-05-29 04:11:15.514] [exthost] [warning] [Decorations] CAPPING events from decorations provider vscode.git 1798
[2021-05-29 04:11:20.725] [exthost] [warning] [Decorations] CAPPING events from decorations provider vscode.git 1798
[2021-05-29 04:11:25.939] [exthost] [warning] [Decorations] CAPPING events from decorations provider vscode.git 1798
[2021-05-29 04:11:31.147] [exthost] [warning] [Decorations] CAPPING events from decorations provider vscode.git 1798
[2021-05-29 04:11:36.334] [exthost] [warning] [Decorations] CAPPING events from decorations provider vscode.git 1798
[2021-05-29 04:11:41.546] [exthost] [warning] [Decorations] CAPPING events from decorations provider vscode.git 1798
[2021-05-29 04:11:46.761] [exthost] [warning] [Decorations] CAPPING events from decorations provider vscode.git 1798
[2021-05-29 04:11:56.021] [exthost] [warning] [Decorations] CAPPING events from decorations provider vscode.git 1798
[2021-05-29 04:12:01.250] [exthost] [warning] [Decorations] CAPPING events from decorations provider vscode.git 1798
[2021-05-29 04:12:06.484] [exthost] [warning] [Decorations] CAPPING events from decorations provider vscode.git 1798
[2021-05-29 04:12:11.732] [exthost] [warning] [Decorations] CAPPING events from decorations provider vscode.git 1798
[2021-05-29 04:12:16.977] [exthost] [warning] [Decorations] CAPPING events from decorations provider vscode.git 1798
[2021-05-29 04:12:22.244] [exthost] [warning] [Decorations] CAPPING events from decorations provider vscode.git 1798
[2021-05-29 04:12:27.454] [exthost] [warning] [Decorations] CAPPING events from decorations provider vscode.git 1798
[2021-05-29 04:12:32.635] [exthost] [warning] [Decorations] CAPPING events from decorations provider vscode.git 1798
[2021-05-29 04:12:37.833] [exthost] [warning] [Decorations] CAPPING events from decorations provider vscode.git 1798
[2021-05-29 04:12:43.029] [exthost] [warning] [Decorations] CAPPING events from decorations provider vscode.git 1798
[2021-05-29 04:12:48.208] [exthost] [warning] [Decorations] CAPPING events from decorations provider vscode.git 1798
[2021-05-29 04:12:53.387] [exthost] [warning] [Decorations] CAPPING events from decorations provider vscode.git 1798
[2021-05-29 04:12:58.578] [exthost] [warning] [Decorations] CAPPING events from decorations provider vscode.git 1798
[2021-05-29 04:13:03.763] [exthost] [warning] [Decorations] CAPPING events from decorations provider vscode.git 1798
[2021-05-29 04:13:08.948] [exthost] [warning] [Decorations] CAPPING events from decorations provider vscode.git 1798
[2021-05-29 04:13:14.137] [exthost] [warning] [Decorations] CAPPING events from decorations provider vscode.git 1798
[2021-05-29 04:13:19.338] [exthost] [warning] [Decorations] CAPPING events from decorations provider vscode.git 1798
[2021-05-29 04:13:24.541] [exthost] [warning] [Decorations] CAPPING events from decorations provider vscode.git 1798
[2021-05-29 04:13:29.748] [exthost] [warning] [Decorations] CAPPING events from decorations provider vscode.git 1798
[2021-05-29 04:13:34.960] [exthost] [warning] [Decorations] CAPPING events from decorations provider vscode.git 1798
[2021-05-29 04:13:40.184] [exthost] [warning] [Decorations] CAPPING events from decorations provider vscode.git 1798
[2021-05-29 04:13:45.402] [exthost] [warning] [Decorations] CAPPING events from decorations provider vscode.git 1798
[2021-05-29 04:13:50.628] [exthost] [warning] [Decorations] CAPPING events from decorations provider vscode.git 1798
[2021-05-29 04:13:55.854] [exthost] [warning] [Decorations] CAPPING events from decorations provider vscode.git 1798
[2021-05-29 04:14:01.112] [exthost] [warning] [Decorations] CAPPING events from decorations provider vscode.git 1798
[2021-05-29 04:14:06.315] [exthost] [warning] [Decorations] CAPPING events from decorations provider vscode.git 1798
[2021-05-29 04:14:11.498] [exthost] [warning] [Decorations] CAPPING events from decorations provider vscode.git 1798
[2021-05-29 04:14:16.692] [exthost] [warning] [Decorations] CAPPING events from decorations provider vscode.git 1798
[2021-05-29 04:14:21.900] [exthost] [warning] [Decorations] CAPPING events from decorations provider vscode.git 1798
[2021-05-29 04:14:27.102] [exthost] [warning] [Decorations] CAPPING events from decorations provider vscode.git 1798
[2021-05-29 04:14:32.281] [exthost] [warning] [Decorations] CAPPING events from decorations provider vscode.git 1798
[2021-05-29 04:14:37.463] [exthost] [warning] [Decorations] CAPPING events from decorations provider vscode.git 1798
[2021-05-29 04:14:42.660] [exthost] [warning] [Decorations] CAPPING events from decorations provider vscode.git 1798
[2021-05-29 04:14:47.833] [exthost] [warning] [Decorations] CAPPING events from decorations provider vscode.git 1798
[2021-05-29 04:14:53.029] [exthost] [warning] [Decorations] CAPPING events from decorations provider vscode.git 1798
[2021-05-29 04:14:58.208] [exthost] [warning] [Decorations] CAPPING events from decorations provider vscode.git 1798
[2021-05-29 04:15:03.392] [exthost] [warning] [Decorations] CAPPING events from decorations provider vscode.git 1798
[2021-05-29 04:15:08.570] [exthost] [warning] [Decorations] CAPPING events from decorations provider vscode.git 1798
[2021-05-29 04:15:13.748] [exthost] [warning] [Decorations] CAPPING events from decorations provider vscode.git 1798
[2021-05-29 04:15:18.937] [exthost] [warning] [Decorations] CAPPING events from decorations provider vscode.git 1798
[2021-05-29 04:15:24.145] [exthost] [warning] [Decorations] CAPPING events from decorations provider vscode.git 1798
[2021-05-29 04:15:29.342] [exthost] [warning] [Decorations] CAPPING events from decorations provider vscode.git 1798
[2021-05-29 04:15:34.531] [exthost] [warning] [Decorations] CAPPING events from decorations provider vscode.git 1798
[2021-05-29 04:15:39.727] [exthost] [warning] [Decorations] CAPPING events from decorations provider vscode.git 1798
[2021-05-29 04:15:44.925] [exthost] [warning] [Decorations] CAPPING events from decorations provider vscode.git 1798
[2021-05-29 04:15:50.119] [exthost] [warning] [Decorations] CAPPING events from decorations provider vscode.git 1798
[2021-05-29 04:15:55.310] [exthost] [warning] [Decorations] CAPPING events from decorations provider vscode.git 1798
[2021-05-29 04:16:00.490] [exthost] [warning] [Decorations] CAPPING events from decorations provider vscode.git 1798
[2021-05-29 04:16:05.683] [exthost] [warning] [Decorations] CAPPING events from decorations provider vscode.git 1798
[2021-05-29 04:16:10.862] [exthost] [warning] [Decorations] CAPPING events from decorations provider vscode.git 1798
[2021-05-29 04:16:16.042] [exthost] [warning] [Decorations] CAPPING events from decorations provider vscode.git 1798
[2021-05-29 04:16:21.238] [exthost] [warning] [Decorations] CAPPING events from decorations provider vscode.git 1798
[2021-05-29 04:16:26.411] [exthost] [warning] [Decorations] CAPPING events from decorations provider vscode.git 1798
[2021-05-29 04:16:31.616] [exthost] [warning] [Decorations] CAPPING events from decorations provider vscode.git 1798
[2021-05-29 04:16:36.783] [exthost] [warning] [Decorations] CAPPING events from decorations provider vscode.git 1798
[2021-05-29 04:16:41.975] [exthost] [warning] [Decorations] CAPPING events from decorations provider vscode.git 1798
[2021-05-29 04:16:47.149] [exthost] [warning] [Decorations] CAPPING events from decorations provider vscode.git 1798
[2021-05-29 04:16:52.298] [exthost] [warning] [Decorations] CAPPING events from decorations provider vscode.git 1798
[2021-05-29 04:16:57.468] [exthost] [warning] [Decorations] CAPPING events from decorations provider vscode.git 1798
[2021-05-29 04:17:02.634] [exthost] [warning] [Decorations] CAPPING events from decorations provider vscode.git 1798
[2021-05-29 04:17:07.808] [exthost] [warning] [Decorations] CAPPING events from decorations provider vscode.git 1798
[2021-05-29 04:17:12.989] [exthost] [warning] [Decorations] CAPPING events from decorations provider vscode.git 1798
[2021-05-29 04:17:20.053] [exthost] [warning] [Decorations] CAPPING events from decorations provider vscode.git 1798
[2021-05-29 04:17:25.234] [exthost] [warning] [Decorations] CAPPING events from decorations provider vscode.git 1798
[2021-05-29 04:17:30.432] [exthost] [warning] [Decorations] CAPPING events from decorations provider vscode.git 1798
[2021-05-29 04:17:35.617] [exthost] [warning] [Decorations] CAPPING events from decorations provider vscode.git 1798
[2021-05-29 04:17:40.815] [exthost] [warning] [Decorations] CAPPING events from decorations provider vscode.git 1798
[2021-05-29 04:17:46.024] [exthost] [warning] [Decorations] CAPPING events from decorations provider vscode.git 1798
[2021-05-29 04:17:51.187] [exthost] [warning] [Decorations] CAPPING events from decorations provider vscode.git 1798
[2021-05-29 04:17:56.370] [exthost] [warning] [Decorations] CAPPING events from decorations provider vscode.git 1798
[2021-05-29 04:18:01.547] [exthost] [warning] [Decorations] CAPPING events from decorations provider vscode.git 1798
[2021-05-29 04:18:06.738] [exthost] [warning] [Decorations] CAPPING events from decorations provider vscode.git 1798
[2021-05-29 04:18:11.943] [exthost] [warning] [Decorations] CAPPING events from decorations provider vscode.git 1798
[2021-05-29 04:18:17.145] [exthost] [warning] [Decorations] CAPPING events from decorations provider vscode.git 1798
[2021-05-29 04:18:22.338] [exthost] [warning] [Decorations] CAPPING events from decorations provider vscode.git 1798
[2021-05-29 04:18:27.533] [exthost] [warning] [Decorations] CAPPING events from decorations provider vscode.git 1798
[2021-05-29 04:18:32.718] [exthost] [warning] [Decorations] CAPPING events from decorations provider vscode.git 1798
[2021-05-29 04:18:37.914] [exthost] [warning] [Decorations] CAPPING events from decorations provider vscode.git 1798
[2021-05-29 04:18:43.109] [exthost] [warning] [Decorations] CAPPING events from decorations provider vscode.git 1798
[2021-05-29 04:18:48.299] [exthost] [warning] [Decorations] CAPPING events from decorations provider vscode.git 1798
[2021-05-29 04:18:53.482] [exthost] [warning] [Decorations] CAPPING events from decorations provider vscode.git 1798
[2021-05-29 04:18:58.668] [exthost] [warning] [Decorations] CAPPING events from decorations provider vscode.git 1798
[2021-05-29 04:19:03.855] [exthost] [warning] [Decorations] CAPPING events from decorations provider vscode.git 1798
[2021-05-29 04:19:09.052] [exthost] [warning] [Decorations] CAPPING events from decorations provider vscode.git 1798
[2021-05-29 04:19:14.244] [exthost] [warning] [Decorations] CAPPING events from decorations provider vscode.git 1798
[2021-05-29 04:19:19.428] [exthost] [warning] [Decorations] CAPPING events from decorations provider vscode.git 1798
[2021-05-29 04:19:24.616] [exthost] [warning] [Decorations] CAPPING events from decorations provider vscode.git 1798
[2021-05-29 04:19:29.803] [exthost] [warning] [Decorations] CAPPING events from decorations provider vscode.git 1798
[2021-05-29 04:19:34.989] [exthost] [warning] [Decorations] CAPPING events from decorations provider vscode.git 1798
[2021-05-29 04:19:40.168] [exthost] [warning] [Decorations] CAPPING events from decorations provider vscode.git 1798
[2021-05-29 04:19:45.367] [exthost] [warning] [Decorations] CAPPING events from decorations provider vscode.git 1798
[2021-05-29 04:19:50.567] [exthost] [warning] [Decorations] CAPPING events from decorations provider vscode.git 1798
[2021-05-29 04:19:55.772] [exthost] [warning] [Decorations] CAPPING events from decorations provider vscode.git 1798
[2021-05-29 04:20:00.977] [exthost] [warning] [Decorations] CAPPING events from decorations provider vscode.git 1798
[2021-05-29 04:20:06.195] [exthost] [warning] [Decorations] CAPPING events from decorations provider vscode.git 1798
[2021-05-29 04:20:11.413] [exthost] [warning] [Decorations] CAPPING events from decorations provider vscode.git 1798
[2021-05-29 04:20:16.609] [exthost] [warning] [Decorations] CAPPING events from decorations provider vscode.git 1798
[2021-05-29 04:20:21.848] [exthost] [warning] [Decorations] CAPPING events from decorations provider vscode.git 1798
[2021-05-29 04:20:27.053] [exthost] [warning] [Decorations] CAPPING events from decorations provider vscode.git 1798
[2021-05-29 04:20:32.248] [exthost] [warning] [Decorations] CAPPING events from decorations provider vscode.git 1798
[2021-05-29 04:20:37.442] [exthost] [warning] [Decorations] CAPPING events from decorations provider vscode.git 1798
[2021-05-29 04:20:42.632] [exthost] [warning] [Decorations] CAPPING events from decorations provider vscode.git 1798
[2021-05-29 04:20:47.834] [exthost] [warning] [Decorations] CAPPING events from decorations provider vscode.git 1798
[2021-05-29 04:20:53.041] [exthost] [warning] [Decorations] CAPPING events from decorations provider vscode.git 1798
[2021-05-29 04:20:58.242] [exthost] [warning] [Decorations] CAPPING events from decorations provider vscode.git 1798
[2021-05-29 04:21:03.428] [exthost] [warning] [Decorations] CAPPING events from decorations provider vscode.git 1798
[2021-05-29 04:21:08.617] [exthost] [warning] [Decorations] CAPPING events from decorations provider vscode.git 1798
[2021-05-29 04:21:13.797] [exthost] [warning] [Decorations] CAPPING events from decorations provider vscode.git 1798
[2021-05-29 04:21:18.985] [exthost] [warning] [Decorations] CAPPING events from decorations provider vscode.git 1798
[2021-05-29 04:21:24.168] [exthost] [warning] [Decorations] CAPPING events from decorations provider vscode.git 1798
[2021-05-29 04:21:29.358] [exthost] [warning] [Decorations] CAPPING events from decorations provider vscode.git 1798
[2021-05-29 04:21:34.547] [exthost] [warning] [Decorations] CAPPING events from decorations provider vscode.git 1798
[2021-05-29 04:21:39.730] [exthost] [warning] [Decorations] CAPPING events from decorations provider vscode.git 1798
[2021-05-29 04:21:44.912] [exthost] [warning] [Decorations] CAPPING events from decorations provider vscode.git 1798
[2021-05-29 04:21:50.109] [exthost] [warning] [Decorations] CAPPING events from decorations provider vscode.git 1798
[2021-05-29 04:21:55.290] [exthost] [warning] [Decorations] CAPPING events from decorations provider vscode.git 1798
[2021-05-29 04:22:00.486] [exthost] [warning] [Decorations] CAPPING events from decorations provider vscode.git 1798
[2021-05-29 04:22:05.677] [exthost] [warning] [Decorations] CAPPING events from decorations provider vscode.git 1798
[2021-05-29 04:22:10.865] [exthost] [warning] [Decorations] CAPPING events from decorations provider vscode.git 1798
[2021-05-29 04:22:16.049] [exthost] [warning] [Decorations] CAPPING events from decorations provider vscode.git 1798
[2021-05-29 04:22:21.253] [exthost] [warning] [Decorations] CAPPING events from decorations provider vscode.git 1798
[2021-05-29 04:22:26.451] [exthost] [warning] [Decorations] CAPPING events from decorations provider vscode.git 1798
[2021-05-29 04:22:31.652] [exthost] [warning] [Decorations] CAPPING events from decorations provider vscode.git 1798
[2021-05-29 04:22:36.861] [exthost] [warning] [Decorations] CAPPING events from decorations provider vscode.git 1798
[2021-05-29 04:22:42.068] [exthost] [warning] [Decorations] CAPPING events from decorations provider vscode.git 1798
[2021-05-29 04:22:47.285] [exthost] [warning] [Decorations] CAPPING events from decorations provider vscode.git 1798
[2021-05-29 04:22:52.517] [exthost] [warning] [Decorations] CAPPING events from decorations provider vscode.git 1798
[2021-05-29 04:22:57.745] [exthost] [warning] [Decorations] CAPPING events from decorations provider vscode.git 1798
[2021-05-29 04:23:02.976] [exthost] [warning] [Decorations] CAPPING events from decorations provider vscode.git 1798
[2021-05-29 04:23:08.221] [exthost] [warning] [Decorations] CAPPING events from decorations provider vscode.git 1798
[2021-05-29 04:23:13.468] [exthost] [warning] [Decorations] CAPPING events from decorations provider vscode.git 1798
[2021-05-29 04:23:18.681] [exthost] [warning] [Decorations] CAPPING events from decorations provider vscode.git 1799
[2021-05-29 04:23:23.879] [exthost] [warning] [Decorations] CAPPING events from decorations provider vscode.git 1800
[2021-05-29 04:23:29.089] [exthost] [warning] [Decorations] CAPPING events from decorations provider vscode.git 1800
[2021-05-29 04:23:34.288] [exthost] [warning] [Decorations] CAPPING events from decorations provider vscode.git 1801
[2021-05-29 04:23:39.488] [exthost] [warning] [Decorations] CAPPING events from decorations provider vscode.git 1802
[2021-05-29 04:23:44.699] [exthost] [warning] [Decorations] CAPPING events from decorations provider vscode.git 1803
[2021-05-29 04:23:49.908] [exthost] [warning] [Decorations] CAPPING events from decorations provider vscode.git 1804
[2021-05-29 04:23:55.112] [exthost] [warning] [Decorations] CAPPING events from decorations provider vscode.git 1803
[2021-05-29 04:24:00.325] [exthost] [warning] [Decorations] CAPPING events from decorations provider vscode.git 1803
[2021-05-29 04:24:05.533] [exthost] [warning] [Decorations] CAPPING events from decorations provider vscode.git 1807
[2021-05-29 04:24:10.741] [exthost] [warning] [Decorations] CAPPING events from decorations provider vscode.git 1803
[2021-05-29 04:24:15.941] [exthost] [warning] [Decorations] CAPPING events from decorations provider vscode.git 1803
[2021-05-29 04:24:21.139] [exthost] [warning] [Decorations] CAPPING events from decorations provider vscode.git 1803
[2021-05-29 04:24:26.331] [exthost] [warning] [Decorations] CAPPING events from decorations provider vscode.git 1803
[2021-05-29 04:24:31.524] [exthost] [warning] [Decorations] CAPPING events from decorations provider vscode.git 1803
[2021-05-29 04:24:36.733] [exthost] [warning] [Decorations] CAPPING events from decorations provider vscode.git 1803
[2021-05-29 04:24:41.922] [exthost] [warning] [Decorations] CAPPING events from decorations provider vscode.git 1803
[2021-05-29 04:24:47.132] [exthost] [warning] [Decorations] CAPPING events from decorations provider vscode.git 1803
[2021-05-29 04:24:52.335] [exthost] [warning] [Decorations] CAPPING events from decorations provider vscode.git 1803
[2021-05-29 04:24:57.540] [exthost] [warning] [Decorations] CAPPING events from decorations provider vscode.git 1803
[2021-05-29 04:25:02.745] [exthost] [warning] [Decorations] CAPPING events from decorations provider vscode.git 1803
[2021-05-29 04:25:07.950] [exthost] [warning] [Decorations] CAPPING events from decorations provider vscode.git 1803
[2021-05-29 04:25:13.144] [exthost] [warning] [Decorations] CAPPING events from decorations provider vscode.git 1803
[2021-05-29 04:25:18.353] [exthost] [warning] [Decorations] CAPPING events from decorations provider vscode.git 1803
[2021-05-29 04:25:23.552] [exthost] [warning] [Decorations] CAPPING events from decorations provider vscode.git 1803
[2021-05-29 04:25:28.761] [exthost] [warning] [Decorations] CAPPING events from decorations provider vscode.git 1803
[2021-05-29 04:25:33.973] [exthost] [warning] [Decorations] CAPPING events from decorations provider vscode.git 1803
[2021-05-29 04:25:39.192] [exthost] [warning] [Decorations] CAPPING events from decorations provider vscode.git 1803
[2021-05-29 04:25:44.416] [exthost] [warning] [Decorations] CAPPING events from decorations provider vscode.git 1803
[2021-05-29 04:25:49.648] [exthost] [warning] [Decorations] CAPPING events from decorations provider vscode.git 1803
[2021-05-29 04:25:54.863] [exthost] [warning] [Decorations] CAPPING events from decorations provider vscode.git 1803
[2021-05-29 04:26:00.078] [exthost] [warning] [Decorations] CAPPING events from decorations provider vscode.git 1803
[2021-05-29 04:26:05.277] [exthost] [warning] [Decorations] CAPPING events from decorations provider vscode.git 1803
[2021-05-29 04:26:10.461] [exthost] [warning] [Decorations] CAPPING events from decorations provider vscode.git 1803
[2021-05-29 04:26:15.661] [exthost] [warning] [Decorations] CAPPING events from decorations provider vscode.git 1803
[2021-05-29 04:26:20.867] [exthost] [warning] [Decorations] CAPPING events from decorations provider vscode.git 1803
[2021-05-29 04:26:26.041] [exthost] [warning] [Decorations] CAPPING events from decorations provider vscode.git 1803
[2021-05-29 04:26:31.228] [exthost] [warning] [Decorations] CAPPING events from decorations provider vscode.git 1803
[2021-05-29 04:26:36.414] [exthost] [warning] [Decorations] CAPPING events from decorations provider vscode.git 1803
[2021-05-29 04:26:41.602] [exthost] [warning] [Decorations] CAPPING events from decorations provider vscode.git 1803
[2021-05-29 04:26:46.797] [exthost] [warning] [Decorations] CAPPING events from decorations provider vscode.git 1803
[2021-05-29 04:26:51.989] [exthost] [warning] [Decorations] CAPPING events from decorations provider vscode.git 1803
[2021-05-29 04:26:57.175] [exthost] [warning] [Decorations] CAPPING events from decorations provider vscode.git 1803
[2021-05-29 04:27:02.364] [exthost] [warning] [Decorations] CAPPING events from decorations provider vscode.git 1803
[2021-05-29 04:27:07.549] [exthost] [warning] [Decorations] CAPPING events from decorations provider vscode.git 1803
[2021-05-29 04:27:12.728] [exthost] [warning] [Decorations] CAPPING events from decorations provider vscode.git 1803
[2021-05-29 04:27:17.909] [exthost] [warning] [Decorations] CAPPING events from decorations provider vscode.git 1803
[2021-05-29 04:27:23.064] [exthost] [warning] [Decorations] CAPPING events from decorations provider vscode.git 1803
[2021-05-29 04:27:28.231] [exthost] [warning] [Decorations] CAPPING events from decorations provider vscode.git 1803
[2021-05-29 04:27:33.411] [exthost] [warning] [Decorations] CAPPING events from decorations provider vscode.git 1803
[2021-05-29 04:27:38.598] [exthost] [warning] [Decorations] CAPPING events from decorations provider vscode.git 1803
[2021-05-29 04:27:43.788] [exthost] [warning] [Decorations] CAPPING events from decorations provider vscode.git 1803
[2021-05-29 04:27:48.978] [exthost] [warning] [Decorations] CAPPING events from decorations provider vscode.git 1803
[2021-05-29 04:27:54.157] [exthost] [warning] [Decorations] CAPPING events from decorations provider vscode.git 1803
[2021-05-29 04:27:59.325] [exthost] [warning] [Decorations] CAPPING events from decorations provider vscode.git 1803
[2021-05-29 04:28:04.498] [exthost] [warning] [Decorations] CAPPING events from decorations provider vscode.git 1803
[2021-05-29 04:28:09.707] [exthost] [warning] [Decorations] CAPPING events from decorations provider vscode.git 1803
[2021-05-29 04:28:14.911] [exthost] [warning] [Decorations] CAPPING events from decorations provider vscode.git 1803
[2021-05-29 04:28:20.078] [exthost] [warning] [Decorations] CAPPING events from decorations provider vscode.git 1803
[2021-05-29 04:28:25.252] [exthost] [warning] [Decorations] CAPPING events from decorations provider vscode.git 1803
[2021-05-29 04:28:30.422] [exthost] [warning] [Decorations] CAPPING events from decorations provider vscode.git 1803
[2021-05-29 04:28:35.580] [exthost] [warning] [Decorations] CAPPING events from decorations provider vscode.git 1803
[2021-05-29 04:28:40.742] [exthost] [warning] [Decorations] CAPPING events from decorations provider vscode.git 1803
[2021-05-29 04:28:45.896] [exthost] [warning] [Decorations] CAPPING events from decorations provider vscode.git 1803
[2021-05-29 04:28:51.063] [exthost] [warning] [Decorations] CAPPING events from decorations provider vscode.git 1803
[2021-05-29 04:28:56.212] [exthost] [warning] [Decorations] CAPPING events from decorations provider vscode.git 1803
[2021-05-29 04:29:01.384] [exthost] [warning] [Decorations] CAPPING events from decorations provider vscode.git 1803
[2021-05-29 04:29:06.552] [exthost] [warning] [Decorations] CAPPING events from decorations provider vscode.git 1803
[2021-05-29 04:29:11.727] [exthost] [warning] [Decorations] CAPPING events from decorations provider vscode.git 1803
[2021-05-29 04:29:16.898] [exthost] [warning] [Decorations] CAPPING events from decorations provider vscode.git 1803
[2021-05-29 04:29:22.063] [exthost] [warning] [Decorations] CAPPING events from decorations provider vscode.git 1803
[2021-05-29 04:29:27.237] [exthost] [warning] [Decorations] CAPPING events from decorations provider vscode.git 1803
[2021-05-29 04:29:32.416] [exthost] [warning] [Decorations] CAPPING events from decorations provider vscode.git 1803
[2021-05-29 04:29:37.598] [exthost] [warning] [Decorations] CAPPING events from decorations provider vscode.git 1803
[2021-05-29 04:29:42.780] [exthost] [warning] [Decorations] CAPPING events from decorations provider vscode.git 1803
[2021-05-29 04:29:47.984] [exthost] [warning] [Decorations] CAPPING events from decorations provider vscode.git 1803
[2021-05-29 04:29:53.176] [exthost] [warning] [Decorations] CAPPING events from decorations provider vscode.git 1803
[2021-05-29 04:29:58.412] [exthost] [warning] [Decorations] CAPPING events from decorations provider vscode.git 1803
[2021-05-29 04:30:03.579] [exthost] [warning] [Decorations] CAPPING events from decorations provider vscode.git 1803
[2021-05-29 04:30:08.752] [exthost] [warning] [Decorations] CAPPING events from decorations provider vscode.git 1803
[2021-05-29 04:30:13.928] [exthost] [warning] [Decorations] CAPPING events from decorations provider vscode.git 1803
[2021-05-29 04:30:19.096] [exthost] [warning] [Decorations] CAPPING events from decorations provider vscode.git 1803
[2021-05-29 04:30:24.261] [exthost] [warning] [Decorations] CAPPING events from decorations provider vscode.git 1803
[2021-05-29 04:30:29.429] [exthost] [warning] [Decorations] CAPPING events from decorations provider vscode.git 1803
[2021-05-29 04:30:34.610] [exthost] [warning] [Decorations] CAPPING events from decorations provider vscode.git 1803
[2021-05-29 04:30:39.786] [exthost] [warning] [Decorations] CAPPING events from decorations provider vscode.git 1803
[2021-05-29 04:30:44.951] [exthost] [warning] [Decorations] CAPPING events from decorations provider vscode.git 1803
[2021-05-29 04:30:50.129] [exthost] [warning] [Decorations] CAPPING events from decorations provider vscode.git 1803
[2021-05-29 04:30:55.304] [exthost] [warning] [Decorations] CAPPING events from decorations provider vscode.git 1803
[2021-05-29 04:31:00.481] [exthost] [warning] [Decorations] CAPPING events from decorations provider vscode.git 1803
[2021-05-29 04:31:05.657] [exthost] [warning] [Decorations] CAPPING events from decorations provider vscode.git 1803
[2021-05-29 04:31:10.839] [exthost] [warning] [Decorations] CAPPING events from decorations provider vscode.git 1803
[2021-05-29 04:31:16.011] [exthost] [warning] [Decorations] CAPPING events from decorations provider vscode.git 1803
[2021-05-29 04:31:21.180] [exthost] [warning] [Decorations] CAPPING events from decorations provider vscode.git 1803
[2021-05-29 04:31:26.347] [exthost] [warning] [Decorations] CAPPING events from decorations provider vscode.git 1803
[2021-05-29 04:31:31.529] [exthost] [warning] [Decorations] CAPPING events from decorations provider vscode.git 1803
[2021-05-29 04:31:36.701] [exthost] [warning] [Decorations] CAPPING events from decorations provider vscode.git 1803
[2021-05-29 04:31:41.875] [exthost] [warning] [Decorations] CAPPING events from decorations provider vscode.git 1803
[2021-05-29 04:31:47.048] [exthost] [warning] [Decorations] CAPPING events from decorations provider vscode.git 1803
[2021-05-29 04:31:52.225] [exthost] [warning] [Decorations] CAPPING events from decorations provider vscode.git 1803
[2021-05-29 04:31:57.416] [exthost] [warning] [Decorations] CAPPING events from decorations provider vscode.git 1803
[2021-05-29 04:32:02.601] [exthost] [warning] [Decorations] CAPPING events from decorations provider vscode.git 1803
[2021-05-29 04:32:07.791] [exthost] [warning] [Decorations] CAPPING events from decorations provider vscode.git 1803
[2021-05-29 04:32:12.980] [exthost] [warning] [Decorations] CAPPING events from decorations provider vscode.git 1803
[2021-05-29 04:32:18.173] [exthost] [warning] [Decorations] CAPPING events from decorations provider vscode.git 1803
[2021-05-29 04:32:23.369] [exthost] [warning] [Decorations] CAPPING events from decorations provider vscode.git 1803
[2021-05-29 04:32:28.547] [exthost] [warning] [Decorations] CAPPING events from decorations provider vscode.git 1803
[2021-05-29 04:32:33.731] [exthost] [warning] [Decorations] CAPPING events from decorations provider vscode.git 1803
[2021-05-29 04:32:38.925] [exthost] [warning] [Decorations] CAPPING events from decorations provider vscode.git 1803
[2021-05-29 04:32:44.127] [exthost] [warning] [Decorations] CAPPING events from decorations provider vscode.git 1803
[2021-05-29 04:32:49.315] [exthost] [warning] [Decorations] CAPPING events from decorations provider vscode.git 1803
[2021-05-29 04:32:54.489] [exthost] [warning] [Decorations] CAPPING events from decorations provider vscode.git 1803
[2021-05-29 04:32:59.675] [exthost] [warning] [Decorations] CAPPING events from decorations provider vscode.git 1803
[2021-05-29 04:33:04.868] [exthost] [warning] [Decorations] CAPPING events from decorations provider vscode.git 1803
[2021-05-29 04:33:10.045] [exthost] [warning] [Decorations] CAPPING events from decorations provider vscode.git 1803
[2021-05-29 04:33:15.230] [exthost] [warning] [Decorations] CAPPING events from decorations provider vscode.git 1803
[2021-05-29 04:33:20.411] [exthost] [warning] [Decorations] CAPPING events from decorations provider vscode.git 1803
[2021-05-29 04:33:25.615] [exthost] [warning] [Decorations] CAPPING events from decorations provider vscode.git 1803
[2021-05-29 04:33:30.816] [exthost] [warning] [Decorations] CAPPING events from decorations provider vscode.git 1803
[2021-05-29 04:33:35.999] [exthost] [warning] [Decorations] CAPPING events from decorations provider vscode.git 1803
[2021-05-29 04:33:41.173] [exthost] [warning] [Decorations] CAPPING events from decorations provider vscode.git 1803
[2021-05-29 04:39:11.070] [exthost] [warning] [Decorations] CAPPING events from decorations provider vscode.git 1803
[2021-05-29 04:39:16.232] [exthost] [warning] [Decorations] CAPPING events from decorations provider vscode.git 1803
[2021-05-29 04:39:21.416] [exthost] [warning] [Decorations] CAPPING events from decorations provider vscode.git 1803
[2021-05-29 04:39:26.602] [exthost] [warning] [Decorations] CAPPING events from decorations provider vscode.git 1803
[2021-05-29 04:39:31.798] [exthost] [warning] [Decorations] CAPPING events from decorations provider vscode.git 1803
[2021-05-29 04:39:36.984] [exthost] [warning] [Decorations] CAPPING events from decorations provider vscode.git 1803
[2021-05-29 04:39:42.172] [exthost] [warning] [Decorations] CAPPING events from decorations provider vscode.git 1803
[2021-05-29 04:39:47.356] [exthost] [warning] [Decorations] CAPPING events from decorations provider vscode.git 1803
[2021-05-29 04:39:52.550] [exthost] [warning] [Decorations] CAPPING events from decorations provider vscode.git 1803
[2021-05-29 04:39:57.744] [exthost] [warning] [Decorations] CAPPING events from decorations provider vscode.git 1803
[2021-05-29 04:40:02.934] [exthost] [warning] [Decorations] CAPPING events from decorations provider vscode.git 1803
[2021-05-29 04:40:08.124] [exthost] [warning] [Decorations] CAPPING events from decorations provider vscode.git 1803
[2021-05-29 04:40:13.309] [exthost] [warning] [Decorations] CAPPING events from decorations provider vscode.git 1803
[2021-05-29 04:40:18.485] [exthost] [warning] [Decorations] CAPPING events from decorations provider vscode.git 1803
[2021-05-29 04:40:23.672] [exthost] [warning] [Decorations] CAPPING events from decorations provider vscode.git 1803
[2021-05-29 04:40:28.851] [exthost] [warning] [Decorations] CAPPING events from decorations provider vscode.git 1803
[2021-05-29 04:40:33.998] [exthost] [warning] [Decorations] CAPPING events from decorations provider vscode.git 1803
[2021-05-29 04:40:39.178] [exthost] [warning] [Decorations] CAPPING events from decorations provider vscode.git 1803
[2021-05-29 04:40:44.366] [exthost] [warning] [Decorations] CAPPING events from decorations provider vscode.git 1803
[2021-05-29 04:40:49.553] [exthost] [warning] [Decorations] CAPPING events from decorations provider vscode.git 1803
[2021-05-29 04:40:54.742] [exthost] [warning] [Decorations] CAPPING events from decorations provider vscode.git 1803
[2021-05-29 04:40:59.930] [exthost] [warning] [Decorations] CAPPING events from decorations provider vscode.git 1803
[2021-05-29 04:41:05.117] [exthost] [warning] [Decorations] CAPPING events from decorations provider vscode.git 1803
[2021-05-29 04:41:10.305] [exthost] [warning] [Decorations] CAPPING events from decorations provider vscode.git 1803
[2021-05-29 04:41:15.483] [exthost] [warning] [Decorations] CAPPING events from decorations provider vscode.git 1803
[2021-05-29 04:41:20.658] [exthost] [warning] [Decorations] CAPPING events from decorations provider vscode.git 1803
[2021-05-29 04:41:25.844] [exthost] [warning] [Decorations] CAPPING events from decorations provider vscode.git 1803
[2021-05-29 04:41:53.968] [exthost] [warning] [Decorations] CAPPING events from decorations provider vscode.git 1803
[2021-05-29 04:41:54.791] [exthost] [info] extension host terminating: received terminate message from renderer
[2021-05-29 04:41:55.801] [exthost] [info] exiting with code 0
