[2021-04-19 22:08:37.645] [exthost] [info] extension host started
[2021-04-19 22:08:37.709] [exthost] [info] ExtensionService#_doActivateExtension vscode.debug-auto-launch {"startup":true,"extensionId":{"value":"vscode.debug-auto-launch","_lower":"vscode.debug-auto-launch"},"activationEvent":"*"}
[2021-04-19 22:08:37.709] [exthost] [info] ExtensionService#loadCommonJSModule file:///home/2019312326/.vscode-server/bin/08a217c4d27a02a5bcde898fd7981bda5b49391b/extensions/debug-auto-launch/dist/extension
[2021-04-19 22:08:37.716] [exthost] [info] ExtensionService#_doActivateExtension vscode.git {"startup":true,"extensionId":{"value":"vscode.github","_lower":"vscode.github"},"activationEvent":"*"}
[2021-04-19 22:08:37.716] [exthost] [info] ExtensionService#loadCommonJSModule file:///home/2019312326/.vscode-server/bin/08a217c4d27a02a5bcde898fd7981bda5b49391b/extensions/git/dist/main
[2021-04-19 22:08:37.930] [exthost] [info] ExtensionService#_doActivateExtension vscode.github {"startup":true,"extensionId":{"value":"vscode.github","_lower":"vscode.github"},"activationEvent":"*"}
[2021-04-19 22:08:37.930] [exthost] [info] ExtensionService#loadCommonJSModule file:///home/2019312326/.vscode-server/bin/08a217c4d27a02a5bcde898fd7981bda5b49391b/extensions/github/dist/extension.js
[2021-04-19 22:08:38.060] [exthost] [info] ExtensionService#_doActivateExtension vscode.emmet {"startup":false,"extensionId":{"value":"vscode.emmet","_lower":"vscode.emmet"},"activationEvent":"onStartupFinished"}
[2021-04-19 22:08:38.060] [exthost] [info] ExtensionService#loadCommonJSModule file:///home/2019312326/.vscode-server/bin/08a217c4d27a02a5bcde898fd7981bda5b49391b/extensions/emmet/dist/node/emmetNodeMain
[2021-04-19 22:08:38.077] [exthost] [info] ExtensionService#_doActivateExtension vscode.merge-conflict {"startup":false,"extensionId":{"value":"vscode.merge-conflict","_lower":"vscode.merge-conflict"},"activationEvent":"onStartupFinished"}
[2021-04-19 22:08:38.077] [exthost] [info] ExtensionService#loadCommonJSModule file:///home/2019312326/.vscode-server/bin/08a217c4d27a02a5bcde898fd7981bda5b49391b/extensions/merge-conflict/dist/mergeConflictMain
[2021-04-19 22:08:38.081] [exthost] [info] ExtensionService#_doActivateExtension vscode.testing-editor-contributions {"startup":false,"extensionId":{"value":"vscode.testing-editor-contributions","_lower":"vscode.testing-editor-contributions"},"activationEvent":"onStartupFinished"}
[2021-04-19 22:08:38.081] [exthost] [info] ExtensionService#loadCommonJSModule file:///home/2019312326/.vscode-server/bin/08a217c4d27a02a5bcde898fd7981bda5b49391b/extensions/testing-editor-contributions/dist/extension.js
[2021-04-19 22:08:38.082] [exthost] [info] eager extensions activated
[2021-04-19 22:08:38.162] [exthost] [warning] [Decorations] CAPPING events from decorations provider vscode.git 1340
[2021-04-19 22:08:38.179] [exthost] [info] ExtensionService#_doActivateExtension ms-vscode.js-debug {"startup":false,"extensionId":{"value":"ms-vscode.js-debug","_lower":"ms-vscode.js-debug"},"activationEvent":"onCommand:extension.js-debug.clearAutoAttachVariables"}
[2021-04-19 22:08:38.180] [exthost] [info] ExtensionService#loadCommonJSModule file:///home/2019312326/.vscode-server/bin/08a217c4d27a02a5bcde898fd7981bda5b49391b/extensions/ms-vscode.js-debug/src/extension.js
[2021-04-19 22:08:40.077] [exthost] [warning] [Decorations] CAPPING events from decorations provider vscode.git 1340
[2021-04-19 22:08:56.312] [exthost] [warning] [Decorations] CAPPING events from decorations provider vscode.git 1340
[2021-04-19 22:12:18.884] [exthost] [warning] [Decorations] CAPPING events from decorations provider vscode.git 1340
[2021-04-19 22:12:24.006] [exthost] [warning] [Decorations] CAPPING events from decorations provider vscode.git 1340
[2021-04-19 22:12:29.132] [exthost] [warning] [Decorations] CAPPING events from decorations provider vscode.git 1340
[2021-04-19 22:12:34.248] [exthost] [warning] [Decorations] CAPPING events from decorations provider vscode.git 1340
[2021-04-19 22:15:21.895] [exthost] [warning] [Decorations] CAPPING events from decorations provider vscode.git 1340
[2021-04-19 22:15:27.013] [exthost] [warning] [Decorations] CAPPING events from decorations provider vscode.git 1340
[2021-04-19 22:15:32.138] [exthost] [warning] [Decorations] CAPPING events from decorations provider vscode.git 1340
[2021-04-19 22:16:28.238] [exthost] [warning] [Decorations] CAPPING events from decorations provider vscode.git 1340
[2021-04-19 22:16:33.370] [exthost] [warning] [Decorations] CAPPING events from decorations provider vscode.git 1340
[2021-04-19 22:16:38.491] [exthost] [warning] [Decorations] CAPPING events from decorations provider vscode.git 1340
[2021-04-19 22:16:43.627] [exthost] [warning] [Decorations] CAPPING events from decorations provider vscode.git 1340
[2021-04-19 22:16:48.767] [exthost] [warning] [Decorations] CAPPING events from decorations provider vscode.git 1340
[2021-04-19 22:16:55.428] [exthost] [warning] [Decorations] CAPPING events from decorations provider vscode.git 1340
[2021-04-19 22:17:00.553] [exthost] [warning] [Decorations] CAPPING events from decorations provider vscode.git 1340
[2021-04-19 22:17:05.680] [exthost] [warning] [Decorations] CAPPING events from decorations provider vscode.git 1340
[2021-04-19 22:17:10.814] [exthost] [warning] [Decorations] CAPPING events from decorations provider vscode.git 1340
[2021-04-19 22:17:15.933] [exthost] [warning] [Decorations] CAPPING events from decorations provider vscode.git 1340
[2021-04-19 22:17:21.066] [exthost] [warning] [Decorations] CAPPING events from decorations provider vscode.git 1340
[2021-04-19 22:17:26.193] [exthost] [warning] [Decorations] CAPPING events from decorations provider vscode.git 1340
[2021-04-19 22:18:09.052] [exthost] [warning] [Decorations] CAPPING events from decorations provider vscode.git 1340
[2021-04-19 22:18:14.184] [exthost] [warning] [Decorations] CAPPING events from decorations provider vscode.git 1340
[2021-04-19 22:18:19.309] [exthost] [warning] [Decorations] CAPPING events from decorations provider vscode.git 1340
[2021-04-19 22:18:24.452] [exthost] [warning] [Decorations] CAPPING events from decorations provider vscode.git 1340
[2021-04-19 22:19:34.960] [exthost] [warning] [Decorations] CAPPING events from decorations provider vscode.git 1340
[2021-04-19 22:20:23.744] [exthost] [warning] [Decorations] CAPPING events from decorations provider vscode.git 1340
[2021-04-19 22:20:28.871] [exthost] [warning] [Decorations] CAPPING events from decorations provider vscode.git 1340
[2021-04-19 22:20:33.998] [exthost] [warning] [Decorations] CAPPING events from decorations provider vscode.git 1340
[2021-04-19 22:21:29.210] [exthost] [warning] [Decorations] CAPPING events from decorations provider vscode.git 1340
[2021-04-19 22:21:43.658] [exthost] [warning] [Decorations] CAPPING events from decorations provider vscode.git 1340
[2021-04-19 22:21:48.780] [exthost] [warning] [Decorations] CAPPING events from decorations provider vscode.git 1340
[2021-04-19 22:21:53.906] [exthost] [warning] [Decorations] CAPPING events from decorations provider vscode.git 1340
[2021-04-19 22:21:59.036] [exthost] [warning] [Decorations] CAPPING events from decorations provider vscode.git 1340
[2021-04-19 22:22:04.163] [exthost] [warning] [Decorations] CAPPING events from decorations provider vscode.git 1340
[2021-04-19 22:22:08.236] [exthost] [info] extension host terminating: received terminate message from renderer
[2021-04-19 22:22:09.247] [exthost] [info] exiting with code 0
