[2021-06-04 17:31:52.061] [exthost] [info] extension host started
[2021-06-04 17:31:52.310] [exthost] [info] ExtensionService#_doActivateExtension vscode.debug-auto-launch {"startup":true,"extensionId":{"value":"vscode.debug-auto-launch","_lower":"vscode.debug-auto-launch"},"activationEvent":"*"}
[2021-06-04 17:31:52.310] [exthost] [info] ExtensionService#loadCommonJSModule file:///home/2019312326/.vscode-server/bin/054a9295330880ed74ceaedda236253b4f39a335/extensions/debug-auto-launch/dist/extension
[2021-06-04 17:31:52.317] [exthost] [info] ExtensionService#_doActivateExtension vscode.git {"startup":true,"extensionId":{"value":"vscode.github","_lower":"vscode.github"},"activationEvent":"*"}
[2021-06-04 17:31:52.317] [exthost] [info] ExtensionService#loadCommonJSModule file:///home/2019312326/.vscode-server/bin/054a9295330880ed74ceaedda236253b4f39a335/extensions/git/dist/main
[2021-06-04 17:31:53.186] [exthost] [info] ExtensionService#_doActivateExtension vscode.github {"startup":true,"extensionId":{"value":"vscode.github","_lower":"vscode.github"},"activationEvent":"*"}
[2021-06-04 17:31:53.187] [exthost] [info] ExtensionService#loadCommonJSModule file:///home/2019312326/.vscode-server/bin/054a9295330880ed74ceaedda236253b4f39a335/extensions/github/dist/extension.js
[2021-06-04 17:31:53.342] [exthost] [info] ExtensionService#_doActivateExtension vscode.emmet {"startup":false,"extensionId":{"value":"vscode.emmet","_lower":"vscode.emmet"},"activationEvent":"onStartupFinished"}
[2021-06-04 17:31:53.342] [exthost] [info] ExtensionService#loadCommonJSModule file:///home/2019312326/.vscode-server/bin/054a9295330880ed74ceaedda236253b4f39a335/extensions/emmet/dist/node/emmetNodeMain
[2021-06-04 17:31:53.359] [exthost] [info] ExtensionService#_doActivateExtension vscode.merge-conflict {"startup":false,"extensionId":{"value":"vscode.merge-conflict","_lower":"vscode.merge-conflict"},"activationEvent":"onStartupFinished"}
[2021-06-04 17:31:53.359] [exthost] [info] ExtensionService#loadCommonJSModule file:///home/2019312326/.vscode-server/bin/054a9295330880ed74ceaedda236253b4f39a335/extensions/merge-conflict/dist/mergeConflictMain
[2021-06-04 17:31:53.363] [exthost] [info] ExtensionService#_doActivateExtension vscode.testing-editor-contributions {"startup":false,"extensionId":{"value":"vscode.testing-editor-contributions","_lower":"vscode.testing-editor-contributions"},"activationEvent":"onStartupFinished"}
[2021-06-04 17:31:53.363] [exthost] [info] ExtensionService#loadCommonJSModule file:///home/2019312326/.vscode-server/bin/054a9295330880ed74ceaedda236253b4f39a335/extensions/testing-editor-contributions/dist/extension.js
[2021-06-04 17:31:53.364] [exthost] [info] eager extensions activated
[2021-06-04 17:31:53.440] [exthost] [warning] [Decorations] CAPPING events from decorations provider vscode.git 1823
[2021-06-04 17:31:53.473] [exthost] [info] ExtensionService#_doActivateExtension ms-vscode.js-debug {"startup":false,"extensionId":{"value":"ms-vscode.js-debug","_lower":"ms-vscode.js-debug"},"activationEvent":"onCommand:extension.js-debug.clearAutoAttachVariables"}
[2021-06-04 17:31:53.473] [exthost] [info] ExtensionService#loadCommonJSModule file:///home/2019312326/.vscode-server/bin/054a9295330880ed74ceaedda236253b4f39a335/extensions/ms-vscode.js-debug/src/extension.js
[2021-06-04 17:31:56.169] [exthost] [warning] [Decorations] CAPPING events from decorations provider vscode.git 1823
[2021-06-04 17:32:01.346] [exthost] [warning] [Decorations] CAPPING events from decorations provider vscode.git 1828
[2021-06-04 17:32:06.517] [exthost] [warning] [Decorations] CAPPING events from decorations provider vscode.git 1828
[2021-06-04 17:32:11.698] [exthost] [warning] [Decorations] CAPPING events from decorations provider vscode.git 1828
[2021-06-04 17:33:17.794] [exthost] [warning] [Decorations] CAPPING events from decorations provider vscode.git 1828
[2021-06-04 17:33:22.963] [exthost] [warning] [Decorations] CAPPING events from decorations provider vscode.git 1828
[2021-06-04 17:33:28.125] [exthost] [warning] [Decorations] CAPPING events from decorations provider vscode.git 1828
[2021-06-04 17:33:40.019] [exthost] [warning] [Decorations] CAPPING events from decorations provider vscode.git 1828
[2021-06-04 17:39:40.500] [exthost] [warning] [Decorations] CAPPING events from decorations provider vscode.git 1828
[2021-06-04 17:39:45.656] [exthost] [warning] [Decorations] CAPPING events from decorations provider vscode.git 1828
[2021-06-04 17:39:50.812] [exthost] [warning] [Decorations] CAPPING events from decorations provider vscode.git 1828
[2021-06-04 17:40:12.047] [exthost] [warning] [Decorations] CAPPING events from decorations provider vscode.git 1828
[2021-06-04 17:40:17.195] [exthost] [warning] [Decorations] CAPPING events from decorations provider vscode.git 1828
[2021-06-04 17:40:22.346] [exthost] [warning] [Decorations] CAPPING events from decorations provider vscode.git 1828
[2021-06-04 17:40:27.493] [exthost] [warning] [Decorations] CAPPING events from decorations provider vscode.git 1828
[2021-06-04 17:40:32.652] [exthost] [warning] [Decorations] CAPPING events from decorations provider vscode.git 1828
[2021-06-04 17:40:37.810] [exthost] [warning] [Decorations] CAPPING events from decorations provider vscode.git 1828
[2021-06-04 17:40:42.972] [exthost] [warning] [Decorations] CAPPING events from decorations provider vscode.git 1828
[2021-06-04 17:40:48.128] [exthost] [warning] [Decorations] CAPPING events from decorations provider vscode.git 1828
[2021-06-04 17:40:53.291] [exthost] [warning] [Decorations] CAPPING events from decorations provider vscode.git 1828
[2021-06-04 17:40:58.454] [exthost] [warning] [Decorations] CAPPING events from decorations provider vscode.git 1828
[2021-06-04 17:41:03.618] [exthost] [warning] [Decorations] CAPPING events from decorations provider vscode.git 1828
[2021-06-04 17:41:08.773] [exthost] [warning] [Decorations] CAPPING events from decorations provider vscode.git 1828
[2021-06-04 17:41:13.923] [exthost] [warning] [Decorations] CAPPING events from decorations provider vscode.git 1828
[2021-06-04 17:41:19.082] [exthost] [warning] [Decorations] CAPPING events from decorations provider vscode.git 1828
[2021-06-04 17:41:24.259] [exthost] [warning] [Decorations] CAPPING events from decorations provider vscode.git 1828
[2021-06-04 17:41:29.423] [exthost] [warning] [Decorations] CAPPING events from decorations provider vscode.git 1828
[2021-06-04 17:41:34.586] [exthost] [warning] [Decorations] CAPPING events from decorations provider vscode.git 1828
[2021-06-04 17:41:39.744] [exthost] [warning] [Decorations] CAPPING events from decorations provider vscode.git 1828
[2021-06-04 17:41:44.904] [exthost] [warning] [Decorations] CAPPING events from decorations provider vscode.git 1828
[2021-06-04 17:41:50.062] [exthost] [warning] [Decorations] CAPPING events from decorations provider vscode.git 1828
[2021-06-04 17:41:55.222] [exthost] [warning] [Decorations] CAPPING events from decorations provider vscode.git 1828
[2021-06-04 17:42:00.380] [exthost] [warning] [Decorations] CAPPING events from decorations provider vscode.git 1828
[2021-06-04 17:42:05.540] [exthost] [warning] [Decorations] CAPPING events from decorations provider vscode.git 1828
[2021-06-04 17:42:10.690] [exthost] [warning] [Decorations] CAPPING events from decorations provider vscode.git 1828
[2021-06-04 17:42:15.845] [exthost] [warning] [Decorations] CAPPING events from decorations provider vscode.git 1828
[2021-06-04 17:42:21.613] [exthost] [warning] [Decorations] CAPPING events from decorations provider vscode.git 1828
[2021-06-04 17:42:26.771] [exthost] [warning] [Decorations] CAPPING events from decorations provider vscode.git 1828
[2021-06-04 17:42:31.935] [exthost] [warning] [Decorations] CAPPING events from decorations provider vscode.git 1828
[2021-06-04 17:42:37.088] [exthost] [warning] [Decorations] CAPPING events from decorations provider vscode.git 1828
[2021-06-04 17:42:42.246] [exthost] [warning] [Decorations] CAPPING events from decorations provider vscode.git 1828
[2021-06-04 17:42:47.411] [exthost] [warning] [Decorations] CAPPING events from decorations provider vscode.git 1828
[2021-06-04 17:42:52.570] [exthost] [warning] [Decorations] CAPPING events from decorations provider vscode.git 1828
[2021-06-04 17:42:57.737] [exthost] [warning] [Decorations] CAPPING events from decorations provider vscode.git 1828
[2021-06-04 17:43:02.902] [exthost] [warning] [Decorations] CAPPING events from decorations provider vscode.git 1828
[2021-06-04 17:43:08.059] [exthost] [warning] [Decorations] CAPPING events from decorations provider vscode.git 1828
[2021-06-04 17:43:13.218] [exthost] [warning] [Decorations] CAPPING events from decorations provider vscode.git 1828
[2021-06-04 17:43:18.382] [exthost] [warning] [Decorations] CAPPING events from decorations provider vscode.git 1828
[2021-06-04 17:43:23.542] [exthost] [warning] [Decorations] CAPPING events from decorations provider vscode.git 1828
[2021-06-04 17:43:28.699] [exthost] [warning] [Decorations] CAPPING events from decorations provider vscode.git 1828
[2021-06-04 17:43:33.863] [exthost] [warning] [Decorations] CAPPING events from decorations provider vscode.git 1828
[2021-06-04 17:43:39.019] [exthost] [warning] [Decorations] CAPPING events from decorations provider vscode.git 1828
[2021-06-04 17:43:44.190] [exthost] [warning] [Decorations] CAPPING events from decorations provider vscode.git 1828
[2021-06-04 17:43:49.345] [exthost] [warning] [Decorations] CAPPING events from decorations provider vscode.git 1828
[2021-06-04 17:43:54.507] [exthost] [warning] [Decorations] CAPPING events from decorations provider vscode.git 1828
[2021-06-04 17:44:21.414] [exthost] [warning] [Decorations] CAPPING events from decorations provider vscode.git 1828
[2021-06-04 17:44:26.560] [exthost] [warning] [Decorations] CAPPING events from decorations provider vscode.git 1828
[2021-06-04 17:44:31.723] [exthost] [warning] [Decorations] CAPPING events from decorations provider vscode.git 1828
[2021-06-04 17:44:36.884] [exthost] [warning] [Decorations] CAPPING events from decorations provider vscode.git 1828
[2021-06-04 17:44:42.048] [exthost] [warning] [Decorations] CAPPING events from decorations provider vscode.git 1828
[2021-06-04 17:44:47.207] [exthost] [warning] [Decorations] CAPPING events from decorations provider vscode.git 1828
[2021-06-04 17:44:52.369] [exthost] [warning] [Decorations] CAPPING events from decorations provider vscode.git 1828
[2021-06-04 17:44:57.534] [exthost] [warning] [Decorations] CAPPING events from decorations provider vscode.git 1828
[2021-06-04 17:45:02.691] [exthost] [warning] [Decorations] CAPPING events from decorations provider vscode.git 1828
[2021-06-04 17:45:07.856] [exthost] [warning] [Decorations] CAPPING events from decorations provider vscode.git 1828
[2021-06-04 17:45:13.011] [exthost] [warning] [Decorations] CAPPING events from decorations provider vscode.git 1828
[2021-06-04 17:45:18.157] [exthost] [warning] [Decorations] CAPPING events from decorations provider vscode.git 1828
[2021-06-04 17:45:23.316] [exthost] [warning] [Decorations] CAPPING events from decorations provider vscode.git 1828
[2021-06-04 17:45:28.469] [exthost] [warning] [Decorations] CAPPING events from decorations provider vscode.git 1828
[2021-06-04 17:45:33.620] [exthost] [warning] [Decorations] CAPPING events from decorations provider vscode.git 1828
[2021-06-04 17:45:38.778] [exthost] [warning] [Decorations] CAPPING events from decorations provider vscode.git 1828
[2021-06-04 17:45:43.929] [exthost] [warning] [Decorations] CAPPING events from decorations provider vscode.git 1828
[2021-06-04 17:45:49.089] [exthost] [warning] [Decorations] CAPPING events from decorations provider vscode.git 1828
[2021-06-04 17:45:54.275] [exthost] [warning] [Decorations] CAPPING events from decorations provider vscode.git 1828
[2021-06-04 17:45:59.441] [exthost] [warning] [Decorations] CAPPING events from decorations provider vscode.git 1828
[2021-06-04 17:46:04.591] [exthost] [warning] [Decorations] CAPPING events from decorations provider vscode.git 1828
[2021-06-04 17:46:09.756] [exthost] [warning] [Decorations] CAPPING events from decorations provider vscode.git 1828
[2021-06-04 17:46:14.916] [exthost] [warning] [Decorations] CAPPING events from decorations provider vscode.git 1828
[2021-06-04 17:46:20.950] [exthost] [warning] [Decorations] CAPPING events from decorations provider vscode.git 1828
[2021-06-04 17:46:26.109] [exthost] [warning] [Decorations] CAPPING events from decorations provider vscode.git 1828
[2021-06-04 17:46:31.262] [exthost] [warning] [Decorations] CAPPING events from decorations provider vscode.git 1828
[2021-06-04 17:46:36.421] [exthost] [warning] [Decorations] CAPPING events from decorations provider vscode.git 1828
[2021-06-04 17:46:41.576] [exthost] [warning] [Decorations] CAPPING events from decorations provider vscode.git 1828
[2021-06-04 17:46:46.752] [exthost] [warning] [Decorations] CAPPING events from decorations provider vscode.git 1828
[2021-06-04 17:46:51.941] [exthost] [warning] [Decorations] CAPPING events from decorations provider vscode.git 1828
[2021-06-04 17:46:57.107] [exthost] [warning] [Decorations] CAPPING events from decorations provider vscode.git 1828
[2021-06-04 17:47:02.260] [exthost] [warning] [Decorations] CAPPING events from decorations provider vscode.git 1828
[2021-06-04 17:47:07.414] [exthost] [warning] [Decorations] CAPPING events from decorations provider vscode.git 1828
[2021-06-04 17:47:12.579] [exthost] [warning] [Decorations] CAPPING events from decorations provider vscode.git 1828
[2021-06-04 17:47:18.806] [exthost] [warning] [Decorations] CAPPING events from decorations provider vscode.git 1828
[2021-06-04 17:47:23.971] [exthost] [warning] [Decorations] CAPPING events from decorations provider vscode.git 1828
[2021-06-04 17:47:29.126] [exthost] [warning] [Decorations] CAPPING events from decorations provider vscode.git 1828
[2021-06-04 17:47:34.275] [exthost] [warning] [Decorations] CAPPING events from decorations provider vscode.git 1828
[2021-06-04 17:47:39.448] [exthost] [warning] [Decorations] CAPPING events from decorations provider vscode.git 1828
[2021-06-04 17:47:44.603] [exthost] [warning] [Decorations] CAPPING events from decorations provider vscode.git 1828
[2021-06-04 17:47:49.759] [exthost] [warning] [Decorations] CAPPING events from decorations provider vscode.git 1828
[2021-06-04 17:47:54.912] [exthost] [warning] [Decorations] CAPPING events from decorations provider vscode.git 1828
[2021-06-04 17:48:00.086] [exthost] [warning] [Decorations] CAPPING events from decorations provider vscode.git 1828
[2021-06-04 17:48:05.244] [exthost] [warning] [Decorations] CAPPING events from decorations provider vscode.git 1828
[2021-06-04 17:48:10.412] [exthost] [warning] [Decorations] CAPPING events from decorations provider vscode.git 1828
[2021-06-04 17:48:15.576] [exthost] [warning] [Decorations] CAPPING events from decorations provider vscode.git 1828
[2021-06-04 17:48:20.738] [exthost] [warning] [Decorations] CAPPING events from decorations provider vscode.git 1828
[2021-06-04 17:48:25.907] [exthost] [warning] [Decorations] CAPPING events from decorations provider vscode.git 1828
[2021-06-04 17:48:31.071] [exthost] [warning] [Decorations] CAPPING events from decorations provider vscode.git 1828
[2021-06-04 17:48:36.227] [exthost] [warning] [Decorations] CAPPING events from decorations provider vscode.git 1828
[2021-06-04 17:48:41.390] [exthost] [warning] [Decorations] CAPPING events from decorations provider vscode.git 1828
[2021-06-04 17:48:46.551] [exthost] [warning] [Decorations] CAPPING events from decorations provider vscode.git 1828
[2021-06-04 17:48:51.710] [exthost] [warning] [Decorations] CAPPING events from decorations provider vscode.git 1828
[2021-06-04 17:48:56.874] [exthost] [warning] [Decorations] CAPPING events from decorations provider vscode.git 1828
[2021-06-04 17:49:02.051] [exthost] [warning] [Decorations] CAPPING events from decorations provider vscode.git 1828
[2021-06-04 17:49:07.229] [exthost] [warning] [Decorations] CAPPING events from decorations provider vscode.git 1828
[2021-06-04 17:49:12.404] [exthost] [warning] [Decorations] CAPPING events from decorations provider vscode.git 1828
[2021-06-04 17:49:17.564] [exthost] [warning] [Decorations] CAPPING events from decorations provider vscode.git 1828
[2021-06-04 17:49:22.727] [exthost] [warning] [Decorations] CAPPING events from decorations provider vscode.git 1828
[2021-06-04 17:49:27.893] [exthost] [warning] [Decorations] CAPPING events from decorations provider vscode.git 1828
[2021-06-04 17:49:33.057] [exthost] [warning] [Decorations] CAPPING events from decorations provider vscode.git 1828
[2021-06-04 17:49:38.226] [exthost] [warning] [Decorations] CAPPING events from decorations provider vscode.git 1828
[2021-06-04 17:49:43.392] [exthost] [warning] [Decorations] CAPPING events from decorations provider vscode.git 1828
[2021-06-04 17:49:48.547] [exthost] [warning] [Decorations] CAPPING events from decorations provider vscode.git 1828
[2021-06-04 17:49:53.725] [exthost] [warning] [Decorations] CAPPING events from decorations provider vscode.git 1828
[2021-06-04 17:49:58.893] [exthost] [warning] [Decorations] CAPPING events from decorations provider vscode.git 1828
[2021-06-04 17:50:04.061] [exthost] [warning] [Decorations] CAPPING events from decorations provider vscode.git 1828
[2021-06-04 17:50:09.235] [exthost] [warning] [Decorations] CAPPING events from decorations provider vscode.git 1828
[2021-06-04 17:50:14.401] [exthost] [warning] [Decorations] CAPPING events from decorations provider vscode.git 1828
[2021-06-04 17:50:20.995] [exthost] [warning] [Decorations] CAPPING events from decorations provider vscode.git 1828
[2021-06-04 17:50:26.158] [exthost] [warning] [Decorations] CAPPING events from decorations provider vscode.git 1828
[2021-06-04 17:50:31.311] [exthost] [warning] [Decorations] CAPPING events from decorations provider vscode.git 1828
[2021-06-04 17:50:36.476] [exthost] [warning] [Decorations] CAPPING events from decorations provider vscode.git 1828
[2021-06-04 17:50:41.631] [exthost] [warning] [Decorations] CAPPING events from decorations provider vscode.git 1828
[2021-06-04 17:50:46.788] [exthost] [warning] [Decorations] CAPPING events from decorations provider vscode.git 1828
[2021-06-04 17:50:51.953] [exthost] [warning] [Decorations] CAPPING events from decorations provider vscode.git 1828
[2021-06-04 17:50:57.117] [exthost] [warning] [Decorations] CAPPING events from decorations provider vscode.git 1828
[2021-06-04 17:51:02.285] [exthost] [warning] [Decorations] CAPPING events from decorations provider vscode.git 1828
[2021-06-04 17:51:07.458] [exthost] [warning] [Decorations] CAPPING events from decorations provider vscode.git 1828
[2021-06-04 17:51:12.630] [exthost] [warning] [Decorations] CAPPING events from decorations provider vscode.git 1828
[2021-06-04 17:51:17.789] [exthost] [warning] [Decorations] CAPPING events from decorations provider vscode.git 1828
[2021-06-04 17:51:22.966] [exthost] [warning] [Decorations] CAPPING events from decorations provider vscode.git 1828
[2021-06-04 17:51:28.135] [exthost] [warning] [Decorations] CAPPING events from decorations provider vscode.git 1828
[2021-06-04 17:51:33.290] [exthost] [warning] [Decorations] CAPPING events from decorations provider vscode.git 1828
[2021-06-04 17:51:38.452] [exthost] [warning] [Decorations] CAPPING events from decorations provider vscode.git 1828
[2021-06-04 17:51:43.612] [exthost] [warning] [Decorations] CAPPING events from decorations provider vscode.git 1828
[2021-06-04 17:51:48.795] [exthost] [warning] [Decorations] CAPPING events from decorations provider vscode.git 1828
[2021-06-04 17:51:53.966] [exthost] [warning] [Decorations] CAPPING events from decorations provider vscode.git 1828
[2021-06-04 17:51:59.124] [exthost] [warning] [Decorations] CAPPING events from decorations provider vscode.git 1828
[2021-06-04 17:52:04.288] [exthost] [warning] [Decorations] CAPPING events from decorations provider vscode.git 1828
[2021-06-04 17:52:09.458] [exthost] [warning] [Decorations] CAPPING events from decorations provider vscode.git 1828
[2021-06-04 17:52:14.632] [exthost] [warning] [Decorations] CAPPING events from decorations provider vscode.git 1828
[2021-06-04 17:52:19.798] [exthost] [warning] [Decorations] CAPPING events from decorations provider vscode.git 1828
[2021-06-04 17:52:24.974] [exthost] [warning] [Decorations] CAPPING events from decorations provider vscode.git 1828
[2021-06-04 17:52:30.157] [exthost] [warning] [Decorations] CAPPING events from decorations provider vscode.git 1828
[2021-06-04 17:53:46.951] [exthost] [warning] [Decorations] CAPPING events from decorations provider vscode.git 1828
[2021-06-04 17:55:44.346] [exthost] [warning] [Decorations] CAPPING events from decorations provider vscode.git 1828
[2021-06-04 17:55:49.493] [exthost] [warning] [Decorations] CAPPING events from decorations provider vscode.git 1828
[2021-06-04 17:55:54.655] [exthost] [warning] [Decorations] CAPPING events from decorations provider vscode.git 1828
[2021-06-04 17:55:59.826] [exthost] [warning] [Decorations] CAPPING events from decorations provider vscode.git 1828
[2021-06-04 17:56:04.984] [exthost] [warning] [Decorations] CAPPING events from decorations provider vscode.git 1828
[2021-06-04 17:56:10.152] [exthost] [warning] [Decorations] CAPPING events from decorations provider vscode.git 1828
[2021-06-04 17:57:07.752] [exthost] [warning] [Decorations] CAPPING events from decorations provider vscode.git 1828
[2021-06-04 17:57:12.907] [exthost] [warning] [Decorations] CAPPING events from decorations provider vscode.git 1828
[2021-06-04 17:57:18.685] [exthost] [warning] [Decorations] CAPPING events from decorations provider vscode.git 1828
[2021-06-04 17:57:23.845] [exthost] [warning] [Decorations] CAPPING events from decorations provider vscode.git 1828
[2021-06-04 17:58:51.891] [exthost] [warning] [Decorations] CAPPING events from decorations provider vscode.git 1828
[2021-06-04 17:58:57.038] [exthost] [warning] [Decorations] CAPPING events from decorations provider vscode.git 1828
[2021-06-04 17:59:03.177] [exthost] [warning] [Decorations] CAPPING events from decorations provider vscode.git 1828
[2021-06-04 17:59:08.332] [exthost] [warning] [Decorations] CAPPING events from decorations provider vscode.git 1828
[2021-06-04 17:59:13.496] [exthost] [warning] [Decorations] CAPPING events from decorations provider vscode.git 1828
[2021-06-04 17:59:19.295] [exthost] [warning] [Decorations] CAPPING events from decorations provider vscode.git 1828
[2021-06-04 17:59:24.460] [exthost] [warning] [Decorations] CAPPING events from decorations provider vscode.git 1828
[2021-06-04 17:59:29.618] [exthost] [warning] [Decorations] CAPPING events from decorations provider vscode.git 1828
[2021-06-04 17:59:34.789] [exthost] [warning] [Decorations] CAPPING events from decorations provider vscode.git 1828
[2021-06-04 17:59:39.954] [exthost] [warning] [Decorations] CAPPING events from decorations provider vscode.git 1828
[2021-06-04 17:59:45.138] [exthost] [warning] [Decorations] CAPPING events from decorations provider vscode.git 1828
[2021-06-04 17:59:50.303] [exthost] [warning] [Decorations] CAPPING events from decorations provider vscode.git 1828
[2021-06-04 17:59:55.467] [exthost] [warning] [Decorations] CAPPING events from decorations provider vscode.git 1828
[2021-06-04 18:00:00.632] [exthost] [warning] [Decorations] CAPPING events from decorations provider vscode.git 1828
[2021-06-04 18:00:05.796] [exthost] [warning] [Decorations] CAPPING events from decorations provider vscode.git 1828
[2021-06-04 18:00:10.960] [exthost] [warning] [Decorations] CAPPING events from decorations provider vscode.git 1828
[2021-06-04 18:00:16.127] [exthost] [warning] [Decorations] CAPPING events from decorations provider vscode.git 1828
[2021-06-04 18:00:21.298] [exthost] [warning] [Decorations] CAPPING events from decorations provider vscode.git 1828
[2021-06-04 18:00:26.478] [exthost] [warning] [Decorations] CAPPING events from decorations provider vscode.git 1828
[2021-06-04 18:00:43.100] [exthost] [warning] [Decorations] CAPPING events from decorations provider vscode.git 1828
[2021-06-04 18:00:48.264] [exthost] [warning] [Decorations] CAPPING events from decorations provider vscode.git 1828
[2021-06-04 18:00:53.432] [exthost] [warning] [Decorations] CAPPING events from decorations provider vscode.git 1828
[2021-06-04 18:00:58.589] [exthost] [warning] [Decorations] CAPPING events from decorations provider vscode.git 1828
[2021-06-04 18:01:03.762] [exthost] [warning] [Decorations] CAPPING events from decorations provider vscode.git 1828
[2021-06-04 18:01:08.930] [exthost] [warning] [Decorations] CAPPING events from decorations provider vscode.git 1828
[2021-06-04 18:01:14.104] [exthost] [warning] [Decorations] CAPPING events from decorations provider vscode.git 1828
[2021-06-04 18:01:19.282] [exthost] [warning] [Decorations] CAPPING events from decorations provider vscode.git 1828
[2021-06-04 18:01:24.460] [exthost] [warning] [Decorations] CAPPING events from decorations provider vscode.git 1828
[2021-06-04 18:01:37.249] [exthost] [warning] [Decorations] CAPPING events from decorations provider vscode.git 1828
[2021-06-04 18:01:49.972] [exthost] [warning] [Decorations] CAPPING events from decorations provider vscode.git 1828
[2021-06-04 18:01:56.566] [exthost] [warning] [Decorations] CAPPING events from decorations provider vscode.git 1828
[2021-06-04 18:02:01.750] [exthost] [warning] [Decorations] CAPPING events from decorations provider vscode.git 1828
[2021-06-04 18:02:06.940] [exthost] [warning] [Decorations] CAPPING events from decorations provider vscode.git 1828
[2021-06-04 18:02:12.119] [exthost] [warning] [Decorations] CAPPING events from decorations provider vscode.git 1828
[2021-06-04 18:02:22.832] [exthost] [warning] [Decorations] CAPPING events from decorations provider vscode.git 1828
[2021-06-04 18:02:27.982] [exthost] [warning] [Decorations] CAPPING events from decorations provider vscode.git 1828
[2021-06-04 18:02:33.216] [exthost] [warning] [Decorations] CAPPING events from decorations provider vscode.git 1828
[2021-06-04 18:02:38.388] [exthost] [warning] [Decorations] CAPPING events from decorations provider vscode.git 1828
[2021-06-04 18:02:43.575] [exthost] [warning] [Decorations] CAPPING events from decorations provider vscode.git 1828
[2021-06-04 18:02:48.713] [exthost] [warning] [Decorations] CAPPING events from decorations provider vscode.git 1828
[2021-06-04 18:22:52.772] [exthost] [info] extension host terminating: received terminate message from renderer
[2021-06-04 18:22:53.788] [exthost] [info] exiting with code 0
