[2021-04-25 05:56:22.793] [exthost] [info] extension host started
[2021-04-25 05:56:22.850] [exthost] [info] ExtensionService#_doActivateExtension vscode.extension-editing {"startup":false,"extensionId":{"value":"vscode.extension-editing","_lower":"vscode.extension-editing"},"activationEvent":"onLanguage:markdown"}
[2021-04-25 05:56:22.851] [exthost] [info] ExtensionService#loadCommonJSModule file:///home/2019312326/.vscode-server/bin/3c4e3df9e89829dce27b7b5c24508306b151f30d/extensions/extension-editing/dist/extensionEditingMain
[2021-04-25 05:56:22.868] [exthost] [info] ExtensionService#_doActivateExtension vscode.markdown-language-features {"startup":false,"extensionId":{"value":"vscode.markdown-language-features","_lower":"vscode.markdown-language-features"},"activationEvent":"onLanguage:markdown"}
[2021-04-25 05:56:22.868] [exthost] [info] ExtensionService#loadCommonJSModule file:///home/2019312326/.vscode-server/bin/3c4e3df9e89829dce27b7b5c24508306b151f30d/extensions/markdown-language-features/dist/extension
[2021-04-25 05:56:22.910] [exthost] [info] ExtensionService#_doActivateExtension vscode.debug-auto-launch {"startup":true,"extensionId":{"value":"vscode.debug-auto-launch","_lower":"vscode.debug-auto-launch"},"activationEvent":"*"}
[2021-04-25 05:56:22.910] [exthost] [info] ExtensionService#loadCommonJSModule file:///home/2019312326/.vscode-server/bin/3c4e3df9e89829dce27b7b5c24508306b151f30d/extensions/debug-auto-launch/dist/extension
[2021-04-25 05:56:22.914] [exthost] [info] ExtensionService#_doActivateExtension vscode.git {"startup":true,"extensionId":{"value":"vscode.github","_lower":"vscode.github"},"activationEvent":"*"}
[2021-04-25 05:56:22.914] [exthost] [info] ExtensionService#loadCommonJSModule file:///home/2019312326/.vscode-server/bin/3c4e3df9e89829dce27b7b5c24508306b151f30d/extensions/git/dist/main
[2021-04-25 05:56:23.070] [exthost] [info] ExtensionService#_doActivateExtension vscode.github {"startup":true,"extensionId":{"value":"vscode.github","_lower":"vscode.github"},"activationEvent":"*"}
[2021-04-25 05:56:23.071] [exthost] [info] ExtensionService#loadCommonJSModule file:///home/2019312326/.vscode-server/bin/3c4e3df9e89829dce27b7b5c24508306b151f30d/extensions/github/dist/extension.js
[2021-04-25 05:56:23.276] [exthost] [warning] [Decorations] CAPPING events from decorations provider vscode.git 2636
[2021-04-25 05:56:23.321] [exthost] [info] ExtensionService#_doActivateExtension vscode.emmet {"startup":false,"extensionId":{"value":"vscode.emmet","_lower":"vscode.emmet"},"activationEvent":"onStartupFinished"}
[2021-04-25 05:56:23.322] [exthost] [info] ExtensionService#loadCommonJSModule file:///home/2019312326/.vscode-server/bin/3c4e3df9e89829dce27b7b5c24508306b151f30d/extensions/emmet/dist/node/emmetNodeMain
[2021-04-25 05:56:23.338] [exthost] [info] ExtensionService#_doActivateExtension vscode.merge-conflict {"startup":false,"extensionId":{"value":"vscode.merge-conflict","_lower":"vscode.merge-conflict"},"activationEvent":"onStartupFinished"}
[2021-04-25 05:56:23.338] [exthost] [info] ExtensionService#loadCommonJSModule file:///home/2019312326/.vscode-server/bin/3c4e3df9e89829dce27b7b5c24508306b151f30d/extensions/merge-conflict/dist/mergeConflictMain
[2021-04-25 05:56:23.342] [exthost] [info] ExtensionService#_doActivateExtension vscode.testing-editor-contributions {"startup":false,"extensionId":{"value":"vscode.testing-editor-contributions","_lower":"vscode.testing-editor-contributions"},"activationEvent":"onStartupFinished"}
[2021-04-25 05:56:23.343] [exthost] [info] ExtensionService#loadCommonJSModule file:///home/2019312326/.vscode-server/bin/3c4e3df9e89829dce27b7b5c24508306b151f30d/extensions/testing-editor-contributions/dist/extension.js
[2021-04-25 05:56:23.343] [exthost] [info] eager extensions activated
[2021-04-25 05:56:24.213] [exthost] [info] ExtensionService#_doActivateExtension ms-vscode.js-debug {"startup":false,"extensionId":{"value":"ms-vscode.js-debug","_lower":"ms-vscode.js-debug"},"activationEvent":"onCommand:extension.js-debug.clearAutoAttachVariables"}
[2021-04-25 05:56:24.213] [exthost] [info] ExtensionService#loadCommonJSModule file:///home/2019312326/.vscode-server/bin/3c4e3df9e89829dce27b7b5c24508306b151f30d/extensions/ms-vscode.js-debug/src/extension.js
[2021-04-25 05:56:25.833] [exthost] [warning] [Decorations] CAPPING events from decorations provider vscode.git 2636
[2021-04-25 05:56:31.016] [exthost] [warning] [Decorations] CAPPING events from decorations provider vscode.git 2636
[2021-04-25 05:56:36.192] [exthost] [warning] [Decorations] CAPPING events from decorations provider vscode.git 2636
[2021-04-25 05:56:41.875] [exthost] [warning] [Decorations] CAPPING events from decorations provider vscode.git 2636
[2021-04-25 05:56:47.039] [exthost] [warning] [Decorations] CAPPING events from decorations provider vscode.git 2636
[2021-04-25 05:56:52.209] [exthost] [warning] [Decorations] CAPPING events from decorations provider vscode.git 2636
[2021-04-25 05:56:57.387] [exthost] [warning] [Decorations] CAPPING events from decorations provider vscode.git 2636
[2021-04-25 05:57:09.161] [exthost] [warning] [Decorations] CAPPING events from decorations provider vscode.git 2635
[2021-04-25 05:57:14.356] [exthost] [warning] [Decorations] CAPPING events from decorations provider vscode.git 2635
[2021-04-25 05:57:19.547] [exthost] [warning] [Decorations] CAPPING events from decorations provider vscode.git 2635
[2021-04-25 05:57:24.720] [exthost] [warning] [Decorations] CAPPING events from decorations provider vscode.git 2635
[2021-04-25 05:57:29.910] [exthost] [warning] [Decorations] CAPPING events from decorations provider vscode.git 2635
[2021-04-25 05:57:35.093] [exthost] [warning] [Decorations] CAPPING events from decorations provider vscode.git 2635
[2021-04-25 05:57:40.271] [exthost] [warning] [Decorations] CAPPING events from decorations provider vscode.git 2635
[2021-04-25 05:57:45.459] [exthost] [warning] [Decorations] CAPPING events from decorations provider vscode.git 2635
