[2021-03-31 16:16:00.022] [exthost] [info] extension host started
[2021-03-31 16:16:00.094] [exthost] [info] ExtensionService#_doActivateExtension vscode.debug-auto-launch {"startup":true,"extensionId":{"value":"vscode.debug-auto-launch","_lower":"vscode.debug-auto-launch"},"activationEvent":"*"}
[2021-03-31 16:16:00.094] [exthost] [info] ExtensionService#loadCommonJSModule file:///home/2019312326/.vscode-server/bin/2b9aebd5354a3629c3aba0a5f5df49f43d6689f8/extensions/debug-auto-launch/dist/extension
[2021-03-31 16:16:00.100] [exthost] [info] ExtensionService#_doActivateExtension vscode.git {"startup":true,"extensionId":{"value":"vscode.github","_lower":"vscode.github"},"activationEvent":"*"}
[2021-03-31 16:16:00.100] [exthost] [info] ExtensionService#loadCommonJSModule file:///home/2019312326/.vscode-server/bin/2b9aebd5354a3629c3aba0a5f5df49f43d6689f8/extensions/git/dist/main
[2021-03-31 16:16:01.068] [exthost] [info] ExtensionService#_doActivateExtension vscode.github {"startup":true,"extensionId":{"value":"vscode.github","_lower":"vscode.github"},"activationEvent":"*"}
[2021-03-31 16:16:01.068] [exthost] [info] ExtensionService#loadCommonJSModule file:///home/2019312326/.vscode-server/bin/2b9aebd5354a3629c3aba0a5f5df49f43d6689f8/extensions/github/dist/extension.js
[2021-03-31 16:16:01.164] [exthost] [info] ExtensionService#_doActivateExtension vscode.emmet {"startup":false,"extensionId":{"value":"vscode.emmet","_lower":"vscode.emmet"},"activationEvent":"onStartupFinished"}
[2021-03-31 16:16:01.164] [exthost] [info] ExtensionService#loadCommonJSModule file:///home/2019312326/.vscode-server/bin/2b9aebd5354a3629c3aba0a5f5df49f43d6689f8/extensions/emmet/dist/node/emmetNodeMain
[2021-03-31 16:16:01.195] [exthost] [info] ExtensionService#_doActivateExtension vscode.merge-conflict {"startup":false,"extensionId":{"value":"vscode.merge-conflict","_lower":"vscode.merge-conflict"},"activationEvent":"onStartupFinished"}
[2021-03-31 16:16:01.195] [exthost] [info] ExtensionService#loadCommonJSModule file:///home/2019312326/.vscode-server/bin/2b9aebd5354a3629c3aba0a5f5df49f43d6689f8/extensions/merge-conflict/dist/mergeConflictMain
[2021-03-31 16:16:01.199] [exthost] [info] ExtensionService#_doActivateExtension vscode.testing-editor-contributions {"startup":false,"extensionId":{"value":"vscode.testing-editor-contributions","_lower":"vscode.testing-editor-contributions"},"activationEvent":"onStartupFinished"}
[2021-03-31 16:16:01.199] [exthost] [info] ExtensionService#loadCommonJSModule file:///home/2019312326/.vscode-server/bin/2b9aebd5354a3629c3aba0a5f5df49f43d6689f8/extensions/testing-editor-contributions/dist/extension.js
[2021-03-31 16:16:01.200] [exthost] [info] eager extensions activated
[2021-03-31 16:16:01.249] [exthost] [info] ExtensionService#_doActivateExtension ms-vscode.js-debug {"startup":false,"extensionId":{"value":"ms-vscode.js-debug","_lower":"ms-vscode.js-debug"},"activationEvent":"onCommand:extension.js-debug.clearAutoAttachVariables"}
[2021-03-31 16:16:01.249] [exthost] [info] ExtensionService#loadCommonJSModule file:///home/2019312326/.vscode-server/bin/2b9aebd5354a3629c3aba0a5f5df49f43d6689f8/extensions/ms-vscode.js-debug/src/extension.js
[2021-03-31 16:18:12.024] [exthost] [info] ExtensionService#_doActivateExtension ms-vscode.node-debug2 {"startup":false,"extensionId":{"value":"ms-vscode.node-debug","_lower":"ms-vscode.node-debug"},"activationEvent":"onDebugInitialConfigurations"}
[2021-03-31 16:18:12.024] [exthost] [info] ExtensionService#loadCommonJSModule file:///home/2019312326/.vscode-server/bin/2b9aebd5354a3629c3aba0a5f5df49f43d6689f8/extensions/ms-vscode.node-debug2/out/src/extension
[2021-03-31 16:18:12.037] [exthost] [info] ExtensionService#_doActivateExtension ms-vscode.node-debug {"startup":false,"extensionId":{"value":"ms-vscode.node-debug","_lower":"ms-vscode.node-debug"},"activationEvent":"onDebugInitialConfigurations"}
[2021-03-31 16:18:12.037] [exthost] [info] ExtensionService#loadCommonJSModule file:///home/2019312326/.vscode-server/bin/2b9aebd5354a3629c3aba0a5f5df49f43d6689f8/extensions/ms-vscode.node-debug/dist/extension.js
[2021-03-31 16:18:20.707] [exthost] [info] ExtensionService#_doActivateExtension vscode.debug-server-ready {"startup":false,"extensionId":{"value":"vscode.debug-server-ready","_lower":"vscode.debug-server-ready"},"activationEvent":"onDebugResolve"}
[2021-03-31 16:18:20.707] [exthost] [info] ExtensionService#loadCommonJSModule file:///home/2019312326/.vscode-server/bin/2b9aebd5354a3629c3aba0a5f5df49f43d6689f8/extensions/debug-server-ready/dist/extension
[2021-03-31 17:20:36.954] [exthost] [info] ExtensionService#_doActivateExtension vscode.configuration-editing {"startup":false,"extensionId":{"value":"vscode.configuration-editing","_lower":"vscode.configuration-editing"},"activationEvent":"onLanguage:json"}
[2021-03-31 17:20:36.954] [exthost] [info] ExtensionService#loadCommonJSModule file:///home/2019312326/.vscode-server/bin/2b9aebd5354a3629c3aba0a5f5df49f43d6689f8/extensions/configuration-editing/dist/configurationEditingMain
[2021-03-31 17:20:36.968] [exthost] [info] ExtensionService#_doActivateExtension vscode.extension-editing {"startup":false,"extensionId":{"value":"vscode.extension-editing","_lower":"vscode.extension-editing"},"activationEvent":"onLanguage:json"}
[2021-03-31 17:20:36.968] [exthost] [info] ExtensionService#loadCommonJSModule file:///home/2019312326/.vscode-server/bin/2b9aebd5354a3629c3aba0a5f5df49f43d6689f8/extensions/extension-editing/dist/extensionEditingMain
[2021-03-31 17:20:37.005] [exthost] [info] ExtensionService#_doActivateExtension vscode.json-language-features {"startup":false,"extensionId":{"value":"vscode.json-language-features","_lower":"vscode.json-language-features"},"activationEvent":"onLanguage:json"}
[2021-03-31 17:20:37.005] [exthost] [info] ExtensionService#loadCommonJSModule file:///home/2019312326/.vscode-server/bin/2b9aebd5354a3629c3aba0a5f5df49f43d6689f8/extensions/json-language-features/client/dist/node/jsonClientMain
[2021-03-31 17:20:37.184] [exthost] [info] ExtensionService#_doActivateExtension vscode.npm {"startup":false,"extensionId":{"value":"vscode.npm","_lower":"vscode.npm"},"activationEvent":"onLanguage:json"}
[2021-03-31 17:20:37.184] [exthost] [info] ExtensionService#loadCommonJSModule file:///home/2019312326/.vscode-server/bin/2b9aebd5354a3629c3aba0a5f5df49f43d6689f8/extensions/npm/dist/npmMain
[2021-03-31 17:20:57.799] [exthost] [info] ExtensionService#_doActivateExtension vscode.typescript-language-features {"startup":false,"extensionId":{"value":"vscode.typescript-language-features","_lower":"vscode.typescript-language-features"},"activationEvent":"onLanguage:javascript"}
[2021-03-31 17:20:57.799] [exthost] [info] ExtensionService#loadCommonJSModule file:///home/2019312326/.vscode-server/bin/2b9aebd5354a3629c3aba0a5f5df49f43d6689f8/extensions/typescript-language-features/dist/extension
[2021-03-31 23:13:12.629] [exthost] [warning] [Decorations] CAPPING events from decorations provider vscode.git 1382
[2021-03-31 23:13:14.276] [exthost] [warning] [Decorations] CAPPING events from decorations provider vscode.git 1382
[2021-03-31 23:18:10.754] [exthost] [warning] [Decorations] CAPPING events from decorations provider vscode.git 1382
[2021-03-31 23:18:15.870] [exthost] [warning] [Decorations] CAPPING events from decorations provider vscode.git 1382
[2021-03-31 23:18:20.997] [exthost] [warning] [Decorations] CAPPING events from decorations provider vscode.git 1382
[2021-03-31 23:18:26.126] [exthost] [warning] [Decorations] CAPPING events from decorations provider vscode.git 1382
[2021-03-31 23:18:31.232] [exthost] [warning] [Decorations] CAPPING events from decorations provider vscode.git 1382
[2021-03-31 23:18:36.353] [exthost] [warning] [Decorations] CAPPING events from decorations provider vscode.git 1382
[2021-03-31 23:18:41.476] [exthost] [warning] [Decorations] CAPPING events from decorations provider vscode.git 1382
[2021-03-31 23:18:46.600] [exthost] [warning] [Decorations] CAPPING events from decorations provider vscode.git 1382
[2021-03-31 23:18:51.720] [exthost] [warning] [Decorations] CAPPING events from decorations provider vscode.git 1382
[2021-03-31 23:18:56.886] [exthost] [warning] [Decorations] CAPPING events from decorations provider vscode.git 1382
[2021-03-31 23:19:02.021] [exthost] [warning] [Decorations] CAPPING events from decorations provider vscode.git 1382
[2021-03-31 23:19:07.164] [exthost] [warning] [Decorations] CAPPING events from decorations provider vscode.git 1382
[2021-03-31 23:19:12.309] [exthost] [warning] [Decorations] CAPPING events from decorations provider vscode.git 1382
[2021-03-31 23:19:17.437] [exthost] [warning] [Decorations] CAPPING events from decorations provider vscode.git 1382
[2021-03-31 23:19:22.592] [exthost] [warning] [Decorations] CAPPING events from decorations provider vscode.git 1382
[2021-03-31 23:19:39.876] [exthost] [warning] [Decorations] CAPPING events from decorations provider vscode.git 1382
[2021-03-31 23:19:45.032] [exthost] [warning] [Decorations] CAPPING events from decorations provider vscode.git 1383
[2021-03-31 23:19:50.178] [exthost] [warning] [Decorations] CAPPING events from decorations provider vscode.git 1383
[2021-03-31 23:19:55.308] [exthost] [warning] [Decorations] CAPPING events from decorations provider vscode.git 1383
[2021-03-31 23:20:16.136] [exthost] [warning] [Decorations] CAPPING events from decorations provider vscode.git 1383
[2021-03-31 23:20:21.262] [exthost] [warning] [Decorations] CAPPING events from decorations provider vscode.git 1383
[2021-03-31 23:20:29.780] [exthost] [warning] [Decorations] CAPPING events from decorations provider vscode.git 1383
[2021-04-01 06:38:42.038] [exthost] [info] extension host terminating: received terminate message from renderer
[2021-04-01 06:38:43.058] [exthost] [info] exiting with code 0
