[2021-05-25 02:14:06.565] [exthost] [info] extension host started
[2021-05-25 02:14:06.978] [exthost] [info] ExtensionService#_doActivateExtension vscode.debug-auto-launch {"startup":true,"extensionId":{"value":"vscode.debug-auto-launch","_lower":"vscode.debug-auto-launch"},"activationEvent":"*"}
[2021-05-25 02:14:06.978] [exthost] [info] ExtensionService#loadCommonJSModule file:///home/2019312326/.vscode-server/bin/054a9295330880ed74ceaedda236253b4f39a335/extensions/debug-auto-launch/dist/extension
[2021-05-25 02:14:07.025] [exthost] [info] ExtensionService#_doActivateExtension vscode.git {"startup":true,"extensionId":{"value":"vscode.github","_lower":"vscode.github"},"activationEvent":"*"}
[2021-05-25 02:14:07.025] [exthost] [info] ExtensionService#loadCommonJSModule file:///home/2019312326/.vscode-server/bin/054a9295330880ed74ceaedda236253b4f39a335/extensions/git/dist/main
[2021-05-25 02:14:07.450] [exthost] [info] ExtensionService#_doActivateExtension vscode.github {"startup":true,"extensionId":{"value":"vscode.github","_lower":"vscode.github"},"activationEvent":"*"}
[2021-05-25 02:14:07.450] [exthost] [info] ExtensionService#loadCommonJSModule file:///home/2019312326/.vscode-server/bin/054a9295330880ed74ceaedda236253b4f39a335/extensions/github/dist/extension.js
[2021-05-25 02:14:07.585] [exthost] [info] ExtensionService#_doActivateExtension vscode.emmet {"startup":false,"extensionId":{"value":"vscode.emmet","_lower":"vscode.emmet"},"activationEvent":"onStartupFinished"}
[2021-05-25 02:14:07.585] [exthost] [info] ExtensionService#loadCommonJSModule file:///home/2019312326/.vscode-server/bin/054a9295330880ed74ceaedda236253b4f39a335/extensions/emmet/dist/node/emmetNodeMain
[2021-05-25 02:14:07.654] [exthost] [info] ExtensionService#_doActivateExtension vscode.merge-conflict {"startup":false,"extensionId":{"value":"vscode.merge-conflict","_lower":"vscode.merge-conflict"},"activationEvent":"onStartupFinished"}
[2021-05-25 02:14:07.654] [exthost] [info] ExtensionService#loadCommonJSModule file:///home/2019312326/.vscode-server/bin/054a9295330880ed74ceaedda236253b4f39a335/extensions/merge-conflict/dist/mergeConflictMain
[2021-05-25 02:14:07.659] [exthost] [info] ExtensionService#_doActivateExtension vscode.testing-editor-contributions {"startup":false,"extensionId":{"value":"vscode.testing-editor-contributions","_lower":"vscode.testing-editor-contributions"},"activationEvent":"onStartupFinished"}
[2021-05-25 02:14:07.659] [exthost] [info] ExtensionService#loadCommonJSModule file:///home/2019312326/.vscode-server/bin/054a9295330880ed74ceaedda236253b4f39a335/extensions/testing-editor-contributions/dist/extension.js
[2021-05-25 02:14:07.660] [exthost] [info] eager extensions activated
[2021-05-25 02:14:07.677] [exthost] [info] ExtensionService#_doActivateExtension ms-vscode.js-debug {"startup":false,"extensionId":{"value":"ms-vscode.js-debug","_lower":"ms-vscode.js-debug"},"activationEvent":"onCommand:extension.js-debug.clearAutoAttachVariables"}
[2021-05-25 02:14:07.677] [exthost] [info] ExtensionService#loadCommonJSModule file:///home/2019312326/.vscode-server/bin/054a9295330880ed74ceaedda236253b4f39a335/extensions/ms-vscode.js-debug/src/extension.js
[2021-05-25 02:14:08.229] [exthost] [warning] [Decorations] CAPPING events from decorations provider vscode.git 1462
[2021-05-25 02:14:10.222] [exthost] [warning] [Decorations] CAPPING events from decorations provider vscode.git 1463
[2021-05-25 02:14:24.835] [exthost] [warning] [Decorations] CAPPING events from decorations provider vscode.git 1615
[2021-05-25 02:14:30.022] [exthost] [warning] [Decorations] CAPPING events from decorations provider vscode.git 1614
[2021-05-25 02:14:35.212] [exthost] [warning] [Decorations] CAPPING events from decorations provider vscode.git 1614
[2021-05-25 02:14:40.394] [exthost] [warning] [Decorations] CAPPING events from decorations provider vscode.git 1614
[2021-05-25 02:14:45.589] [exthost] [warning] [Decorations] CAPPING events from decorations provider vscode.git 1614
[2021-05-25 02:14:50.790] [exthost] [warning] [Decorations] CAPPING events from decorations provider vscode.git 1614
[2021-05-25 07:22:33.194] [exthost] [info] extension host terminating: renderer disconnected for too long (1)
[2021-05-25 07:22:34.215] [exthost] [info] exiting with code 0
